2882 48 84 88 187 303 474 568 677 719 837 1066 1178 1209 1315 1335 1515 1543 1560 1757 1900 1992 2009 2135 2356 2432 2519 2571 2581 2695 2920 2949 3156 3253 3580 3629 3696 3869 4008 4078 4094 4309 4377 4435 4525 4839 5018 5137 5299 5335 5440 5868 5970 6002 6031 6252 6403 6412 6466 6670 6783 7005 7013 7109 7270 7399 7463 7475 7928 7956 7965 8175 8292 8310 8640 8773 9256 9313 9393 9504 9707 9913 2465 9976 4379 3607 5497 9847 8878 9752 2735 9084 7429 7657 4090 3442 5693 672 6822 4494 549 9619 1305 9563 6263 5192 3055 1097 4601 9003 2247 2015 4742 700 423 8518 1273 8731 6689 8890 9514 2720 7861 3090 713 7936 6277 203 5934 6901 6815 7070 4679 5445 1105 2883 3817 9305 4059 1138 5324 1867 4758 311 6381 2917 6706 769 5717 4071 606 8708 3549 7499 3307 8477 5235 5300 9409 8950 3167 563 768 8670 7561 2384 6831 9325 5769 9140 4948 8329 6541 4913 7548 5982 4555 7665 4021 2119 7448 8785 6089 2831 6380 9546 6762 8742 2613 6313 8167 7916 6871 8030 127 767 2304 853 1239 8555 5913 9475 9392 5088 6639 8118 7342 8973 6251 3940 8412 494 6570 4966 1152 2802 2661 2480 3181 1256 7171 6893 3729 1143 1511 2187 6698 1422 6066 9604 6062 2291 9263 2527 9833 4119 8719 7118 7941 5576 3418 6013 4872 1846 5994 9044 8101 2011 8860 7633 560 3062 252 9195 5405 81 9234 4792 993 6172 2360 2173 3904 9962 3746 3227 4696 9539 876 8300 2675 1415 1160 6672 8990 5087 1325 3531 5603 379 578 5847 8493 7457 9975 867 7761 9249 9019 9132 9655 4617 4213 9928 175 6657 7445 6630 9075 5861 4858 1700 8782 8506 382 5008 2810 8560 4227 388 3247 821 3373 3675 7769 2290 4270 7629 4971 8981 949 967 8542 6094 3648 3646 9440 397 8257 6902 7907 6163 3657 396 2115 3901 9028 6579 1660 8809 872 2330 1943 8780 8058 5031 7048 715 8486 2095 7037 5910 1257 711 2809 7613 9822 9516 7604 6367 7103 5632 5009 7971 7532 7984 4397 6882 8028 3735 5903 508 7453 8014 6907 8266 8038 8505 3146 8645 4163 5967 9031 6333 4491 9264 2906 3621 8407 5356 5824 7764 9896 6757 8798 7915 7498 2842 4249 9639 2156 1004 2875 6248 8510 5782 9741 7770 3694 6865 1947 523 6727 6930 8820 1643 599 5770 7691 9729 3754 2122 1364 2547 5123 121 6904 9082 5219 3731 5064 3394 5451 1179 137 4302 4853 8987 2921 6067 6677 7078 1855 3986 5099 2315 2467 5567 7830 7370 1820 9950 7573 9073 9844 3691 4796 7817 9370 1067 7415 1197 1330 8033 9268 7339 4866 4293 8239 8312 4767 2206 7822 7474 1248 1045 5933 3859 1531 1417 3505 7075 2048 3085 1166 4559 6674 6566 6379 2397 1104 6238 2907 1532 4068 5101 8952 7508 3851 9859 1271 1348 1096 4689 9074 1831 9789 9226 7366 7872 3425 8659 1292 1393 4114 2346 9720 272 1176 3584 4062 7609 6751 9882 3811 9687 6868 1875 1541 8662 130 7614 2191 9303 6190 3210 7680 6596 7894 7793 387 3278 2893 4832 6681 285 4209 6808 1584 3710 5372 7381 5959 463 1392 8182 9584 3765 2248 9192 3498 355 3752 9379 5302 6848 5386 819 4406 8746 1264 8111 9644 862 8072 4921 1188 4282 4722 6301 4111 2366 3450 7926 8193 8109 8148 9324 2622 9208 8562 4072 6120 5725 1203 9143 4074 8446 9420 9592 9160 3570 6793 6391 6898 9229 3031 4104 5134 4456 6443 2874 7194 8097 7383 3007 6987 8550 2534 7987 6157 6641 3845 4667 2241 4628 2829 2281 2769 9790 2607 9001 6722 7898 1461 8134 7305 7389 586 2417 6211 4085 698 4821 9362 7967 3757 5040 4014 9157 4426 2938 1715 8366 8150 5306 1810 1871 2804 1464 9513 196 5176 6642 880 4087 7525 1448 4690 1656 2841 4675 6963 6591 8826 4685 3079 5909 6203 2444 9574 4266 9221 7341 2882 6306 9908 5373 5094 9934 953 8883 8218 3592 2089 2479 7918 8017 8814 2758 2370 3269 7164 8551 5486 5155 9230 7296 7647 6806 1844 2021 133 5210 5317 4125 9826 3924 7149 3216 1255 2309 5692 2931 7689 6821 8126 1800 7823 3121 3463 6201 2737 8911 1771 4701 6064 4340 5278 7865 9785 1897 2636 3967 7502 7796 8428 1967 490 5026 6378 8553 3174 736 9330 2863 3672 936 7755 8605 561 5658 9983 9479 6678 4625 5154 9333 3767 3645 1819 4204 5473 3501 1736 8345 4357 2808 7620 5794 7262 3948 1842 4768 67 3077 6953 5353 4893 2729 4777 3714 6743 399 216 2051 4562 3959 3776 5140 7672 3550 5042 2345 7935 6779 2137 6888 8383 4272 4473 5005 7701 9022 2561 3221 9103 866 894 2945 6231 8261 774 5472 2535 2504 8004 1320 9418 7651 1741 1328 5171 9541 6312 683 1921 4128 5143 2923 4009 4106 9378 688 695 3293 8400 1394 7990 2740 3154 5880 3137 7547 9139 689 4264 5464 7363 991 2452 3449 9884 9114 6810 2715 639 575 2633 8755 618 3404 1283 9758 4843 9110 4964 4279 6820 1822 924 6625 151 9879 8431 7009 2341 2501 5262 518 7650 8935 9029 592 3470 6184 1626 889 2390 8031 7757 7021 282 3595 5122 1499 5180 1702 5470 6234 153 3635 6415 2765 7062 8775 3316 5226 6047 6772 8872 6939 112 4440 3689 6908 740 2631 4290 1781 1720 1027 1767 800 6982 7560 2139 6038 5104 5651 5767 613 1555 2268 9136 5016 2205 7807 2506 1073 5730 2850 3625 2851 3699 928 1624 3123 5640 6983 4698 5715 5911 3323 3536 4044 357 4906 3065 8933 8906 5391 3222 5704 1130 5872 4591 2116 434 5958 2595 7507 283 7237 7570 6602 1041 9706 1047 4093 9142 9658 7007 5117 9213 8067 8344 2109 5734 8745 1501 9163 1471 1905 7599 5139 9083 9113 8601 6609 7615 7781 5072 8616 6171 8437 4997 5600 1310 9917 1217 2762 3893 4168 3241 6816 1435 732 4198 6862 8961 6833 5313 6863 6459 7094 744 887 4388 728 9643 6542 2955 836 1275 8958 7286 2159 2960 5102 3748 1714 495 2344 3487 4251 7046 7707 1345 5184 958 8621 7819 6122 6522 3150 3351 9988 9571 1818 453 433 7588 5243 4660 9848 5384 6897 6940 243 6397 9428 4549 4407 6774 684 7192 8264 3808 9072 9403 5420 1525 1277 6574 4351 7100 5565 4978 2684 9867 7403 3686 242 2340 5908 9185 8284 2325 6583 5986 1982 9780 473 6733 2364 9183 7999 467 6226 8299 1551 3968 9943 589 8997 6325 970 293 3072 2777 1235 1296 8304 1850 5475 5502 6874 4032 4898 663 4710 6655 5904 5482 1266 2461 3709 4459 6846 2189 3973 694 1682 4442 1058 4067 8325 5733 3101 7340 1629 4789 8127 2142 1286 173 3489 5597 7552 6517 3962 7195 4464 7189 9547 9697 8673 7860 809 4852 6414 2299 1597 1918 261 8129 3832 806 4647 3299 171 9774 9237 5002 5166 4173 5309 6604 3508 1690 9148 4323 3078 4567 4632 7016 999 6679 9661 5548 9456 6714 3613 2396 3399 3233 9112 5052 8199 2204 7798 3262 4626 7497 2099 6829 9092 3495 8250 6205 5625 361 9470 7782 149 214 4730 9193 9967 456 260 9902 8931 1976 9863 1670 4369 9091 7531 6556 731 771 3747 7978 3130 5552 5577 1999 1604 7582 7177 4663 5943 1566 6006 4715 1322 4535 186 2632 8813 3939 8115 9682 997 9877 940 2430 1857 5969 9442 914 3919 5071 3438 964 6025 2721 3756 812 6945 7331 2793 6854 6608 2398 3088 3237 877 9862 9079 9930 6707 5575 3660 8246 1567 4578 6977 4982 8822 8197 7962 2197 8247 2700 7583 3630 8068 6318 9548 5098 2068 6948 7405 1035 8569 8165 5157 2311 2567 5728 2903 5093 7773 6859 3178 4521 7653 7397 9175 1933 7871 4963 155 634 4512 7581 3242 7365 7099 3391 7556 5000 1901 8471 8387 1026 7025 3352 2279 4621 8763 2892 786 875 1136 8390 4144 53 9929 8495 8824 6483 1316 6530 8512 1889 2789 3511 996 4345 3650 4694 7313 5479 9275 1444 3330 288 8076 1572 8314 2186 8442 4025 1945 619 223 1463 1719 7605 4276 7385 7098 6813 4739 6509 7619 7153 7528 5419 6149 8672 5870 1622 9435 9489 9674 1262 9153 1885 34 450 1782 9683 6686 6777 9400 4452 7741 5681 5984 4850 7797 2294 5805 701 5739 7832 8920 8810 6478 5979 4076 7723 9933 7875 7820 4419 803 2785 6033 2876 8294 7047 9946 3521 6590 8567 1535 1974 5271 8200 1989 1351 8048 9957 4165 5589 3448 2004 7419 4681 6755 470 2682 3844 9055 7753 1165 1789 4529 4619 9594 6286 1750 8252 2354 180 7917 5738 8680 1654 2274 7072 5968 9740 7958 870 5963 4974 2285 6249 2485 9914 2462 5882 963 9372 9616 9350 154 1671 487 9431 4801 6027 3920 6620 7377 3736 8077 8829 556 5639 7362 8317 139 528 3777 9708 4082 9425 8121 5921 5506 6376 4560 3374 2447 8081 6906 4262 4289 4631 6030 8971 8161 3503 9572 3353 4762 8526 2545 2582 3076 9725 7960 2242 9597 9958 6490 80 1446 3577 8039 2365 8887 9422 8006 7976 8844 6758 3136 1769 4870 9899 814 1187 262 7760 7504 185 6282 1666 4831 2263 4004 7536 3074 7598 7982 6847 7095 3917 5568 4571 8525 5754 8946 198 8812 525 5950 2587 9448 6528 7584 941 3336 1707 6471 1611 7433 2757 9060 6055 1025 5136 6090 6124 905 6572 2236 8170 9664 5007 8297 8248 9039 5789 6636 6077 4438 1477 309 43 4053 2405 2102 813 3004 6180 2584 1449 8498 2214 5645 4674 1696 1650 8528 968 8357 4395 9488 8889 7995 471 7302 1839 5696 8439 6990 7674 3704 4732 1358 6628 2150 1298 9386 8922 6320 5186 2003 3926 6675 2687 7345 2662 3599 6960 798 4389 3342 1119 7591 5980 1265 5456 7175 7012 745 1423 8016 6753 7500 5498 7616 5181 6054 7400 5490 8828 723 5483 3452 2619 2334 5401 2708 2499 4740 6827 7272 8241 6347 654 3908 5741 4478 7201 4501 3955 8201 7721 8050 2381 7291 7622 2420 6382 334 8478 6667 9853 2030 4505 2646 9969 331 752 8233 1717 5255 3337 8896 9699 2162 9102 7656 6545 5128 6079 7752 7930 3598 3538 1237 8930 8778 2894 3091 7155 1621 1780 1370 7728 3659 6736 8776 577 7333 9565 2971 6532 7923 335 7571 9591 4155 6869 5905 9518 8668 5840 7449 9188 344 1321 6666 6169 3582 6215 3523 8399 7439 2047 7942 339 7280 5427 7854 7945 8632 7844 9258 3006 6464 2832 609 4946 4439 7815 8875 8330 9825 591 2088 9807 6162 4252 7590 4334 2239 6791 4868 2517 8972 2988 4373 2816 6400 1554 4650 3927 9235 7890 1610 2257 9663 2655 5993 3526 3401 8679 1673 1890 2091 7852 978 3897 1548 9989 5496 7703 8162 2367 4727 4513 4573 773 5165 1329 2267 2303 5595 4175 1092 45 2542 5333 2199 1155 3385 5149 7578 7838 8002 4524 1361 1578 7893 9959 7997 7056 2155 2974 3320 1505 7925 6362 7887 888 3144 5585 7695 1687 3198 6315 3823 4238 451 884 6256 5468 8318 2403 5945 5355 4917 3730 2549 6037 9802 6660 3223 8422 9323 743 1131 604 7060 8885 954 9588 5898 9883 3587 2454 878 7247 8172 6370 8052 6072 6276 6554 2081 6988 2493 5118 5823 2471 496 2820 4030 3491 6661 9895 5109 4118 7212 1049 628 1919 9991 1405 9344 4708 1975 1821 4822 8846 1950 5152 3431 1765 605 1957 4655 5114 6351 2858 7378 829 6557 3151 3725 569 1615 5084 6531 7550 5261 5078 2778 2018 9367 2416 71 6227 2111 287 3318 8734 4254 5110 1400 8041 2127 5286 3516 7771 5742 4182 6328 9081 7747 8443 5542 558 7443 7545 179 1401 2674 5648 8592 2380 3563 6841 7128 2860 2487 264 1249 6651 3711 6568 1083 2484 2428 9315 8465 1811 904 8900 3171 2029 923 6837 2701 5936 3956 132 858 8643 110 337 7667 5947 4975 3132 9856 717 8754 4961 9695 4448 4425 2101 8839 570 3217 1385 1648 9455 5194 3706 5826 8600 8065 9892 3771 7908 1712 7023 1616 5574 1089 6230 2803 1704 2951 2569 9618 3900 1413 4923 75 6918 8202 8660 2890 4342 3768 5010 2483 4240 346 3769 7200 7470 4239 838 5397 2826 7736 4325 5315 9893 9445 5067 5331 5618 3794 2202 9907 5916 8084 588 7895 1737 2255 5378 6646 3822 5594 5206 7027 7607 571 6233 4949 5492 6500 2761 1829 6371 6623 9398 6668 9174 6972 6295 3726 1174 1440 9728 9253 192 548 1238 3884 8604 1713 6310 5414 5200 3440 4952 8322 8570 6690 625 3153 8356 2201 3301 9535 6499 4548 5765 2650 5643 5038 416 988 9415 4576 4598 8537 3183 2306 5703 1703 8315 8358 5190 8744 4818 7029 784 2058 9352 8472 5918 7514 3831 6852 2475 1274 4436 2953 9500 765 6232 4999 9726 4991 2066 6010 4361 418 2092 4169 167 6284 8405 620 6835 7765 9693 4557 4640 5066 2347 9365 7050 6766 706 3937 5418 5528 1760 44 9107 87 7089 9413 6624 8634 1099 6354 7841 2638 1936 8859 925 4783 9279 2168 8497 9468 404 4488 7992 1540 9713 7828 4680 1742 6957 9760 6936 6109 5762 9519 7358 9125 3911 1284 9603 9491 5912 3131 3303 5884 7634 6040 6797 6599 1927 3552 2891 6166 6369 7225 532 5842 9715 7421 1241 3324 9803 3357 7845 6092 5266 9745 9063 367 2083 5144 5177 3479 1080 5325 1608 848 9404 1998 9124 1063 6516 2723 9332 6768 1556 4793 1659 4926 7084 9615 3456 6143 6408 8011 8012 1091 5726 1244 2707 2744 5740 6428 4956 981 7639 4943 8005 8781 4627 5781 3716 5493 7526 3800 9094 2779 4321 9414 4577 5745 6330 5015 1483 5236 7688 3048 7426 2855 6760 3941 4402 5752 2929 324 3653 3243 6640 5281 7308 466 6022 7522 407 4151 3944 6017 1122 5178 7495 4193 1076 642 191 4972 4229 664 2968 1928 1708 4037 5185 3063 3350 2987 1793 4600 5028 6028 8714 7218 6653 5461 2249 2488 8276 9777 3020 3240 960 4294 8880 4108 747 5800 2562 1915 4417 269 8418 8964 1798 2902 5624 8608 1987 4380 8619 411 8837 4298 8625 6890 6826 2692 5354 4574 7059 4864 1445 3861 4422 1575 9417 630 1795 2188 236 3302 5974 2812 1344 51 6520 882 4922 7257 5834 652 3037 1242 4284 3882 3084 2637 9051 3056 5450 971 6889 5897 4670 2194 8899 3423 486 4275 2574 2223 1517 7694 6099 2005 7544 7826 1044 7523 522 2372 7850 4287 6018 123 4412 14 2775 4416 3464 9217 6535 9058 1127 1185 9772 3248 834 8626 479 2853 2726 5337 9854 9145 9719 3964 228 1379 8942 2503 6817 4444 6065 5129 68 6394 4589 8802 3040 5290 5432 5264 9921 4283 5555 6449 5560 3744 8934 73 4132 4199 5871 7261 8908 5683 3814 6335 5283 7660 3143 2349 4542 3015 2704 9048 4010 5960 4179 9873 1184 4545 9520 1481 6097 8144 6341 5121 2096 8579 4928 2746 7859 4391 5469 5657 4458 9814 5075 6828 99 4181 9660 1219 3322 6217 148 3252 9808 5787 6287 2830 4375 9439 869 5095 2339 7597 6501 1552 9689 1022 1507 6725 6193 5814 6435 5669 1899 8866 8095 8982 8929 2823 5578 9887 4508 8100 307 9200 480 9147 1128 1086 6616 705 145 4633 8825 8223 3922 7681 9013 1336 2976 8451 4161 6108 7959 6895 2888 1158 4303 5131 4083 1825 7416 2564 9260 6621 1600 8707 8836 3703 6933 2094 204 3727 2827 3106 9434 3415 2879 5162 1940 4269 1367 1114 9648 4363 4896 4510 6482 8341 9432 2604 944 7617 5399 9771 4791 8507 8893 1645 2886 111 1133 1467 5242 314 1190 783 2985 1935 7458 6032 844 7412 4231 3003 1903 955 2064 1726 3644 8096 623 6631 5949 2550 5894 7052 3898 6496 1728 5348 8468 7269 9336 5813 5431 8130 197 1118 5051 9010 8487 4418 16 9596 7953 5688 8910 2593 5846 2836 4408 438 5148 4354 5404 58 1619 8861 1683 3734 7184 6991 7950 3715 3671 2252 7310 89 1751 7489 7722 4977 2671 702 2908 2767 763 2133 9608 1014 4795 5599 8636 2103 9189 4257 4811 9307 4364 8313 301 469 4785 3310 4735 4886 9129 107 3529 9775 13 6045 4611 8216 8879 3304 6958 8488 762 5533 7165 8152 1497 4540 9486 7563 5239 6685 4729 540 0 4308 8838 3677 6348 1425 4996 3742 4445 1514 3520 9120 6322 5718 5591 1015 3987 8311 56 7166 8613 9383 845 535 18 1191 455 9220 8232 4424 2821 5616 3042 9637 9977 5434 9277 3172 2492 6470 8278 6514 9764 3126 4273 4220 1699 9782 7751 6246 9765 8726 8226 6481 1341 5446 9461 3791 3848 2516 3400 4476 3719 3611 3229 3591 4568 587 7235 9831 4069 
9 7957 6807 1269 9459 9997 8043 1204 4432 8850 
21 519 2316 2576 585 7318 8965 9231 184 2739 1763 3996 3348 7776 1144 1952 2196 7496 980 8098 5398 7472 
35 1776 4586 1838 7889 7704 3160 9412 1564 9104 830 5503 9410 5557 4532 3854 8007 9722 6682 5350 1672 4765 2222 2932 2002 8180 6440 650 4041 8380 6051 6266 9545 4013 8210 4243 
10 6663 3578 5679 8819 366 7298 1140 1087 6919 6342 
30 9679 2869 2941 2944 3430 1904 7337 5453 3215 2386 1098 5001 5630 9800 7462 3902 4878 8361 9748 1457 358 2575 2363 4721 2529 1617 4813 9484 3111 8147 
17 5860 4307 6961 489 6780 8783 1605 7180 1090 4184 5507 306 6521 8001 4145 8131 9472 
21 8758 1908 172 9018 8421 8882 4664 189 2910 235 4825 1882 2269 1691 1484 4967 3971 2287 2411 7641 8154 
35 6916 3555 2008 6607 1773 3104 4815 9757 3319 6398 169 7364 1443 9408 7316 4019 612 9376 3828 7124 5035 1894 9529 8723 9953 4994 4399 7374 9446 9876 4683 4160 9970 2273 5672 
12 9888 1005 9979 6361 8787 7156 6199 2736 2502 1823 4799 3883 
27 2061 8395 9291 7293 1784 1372 2714 3459 9274 442 5816 2470 9429 7256 1023 2533 8230 9922 9668 3080 3378 9818 7335 1718 2441 2897 9476 
24 5086 961 157 61 3168 2297 7940 4457 5061 7101 4258 4336 8757 9032 5671 5776 390 4383 1147 828 5318 5631 7795 6870 
17 4058 8420 554 6912 2515 4159 6389 4582 8993 7944 1094 8732 205 653 6929 7878 218 
25 4618 4894 5341 3692 5881 3708 6085 8544 5216 6020 738 8181 3634 5126 9343 9036 5773 7946 3422 302 8622 1001 20 8556 6111 
29 7929 741 9020 8698 1447 7198 5721 933 6615 6216 4593 3439 7569 7931 8926 4608 9366 4280 2965 2895 9587 3504 2629 602 2833 6158 6819 2848 1948 
28 7401 622 8086 1406 9246 3461 9469 5920 3906 4615 704 5374 249 5559 274 7743 3234 6947 1056 1858 8240 4968 4976 6881 1137 1887 8582 3380 
12 4855 920 1353 8184 9763 9525 555 8386 7603 5147 3749 181 
17 273 8962 6649 2313 7455 3358 8231 5085 3192 8056 4753 8320 1084 2312 9635 6191 8700 
22 3444 4150 7877 5402 3918 2942 8435 1625 2657 8915 2338 6305 5830 553 2174 5878 9219 338 581 5217 5607 9360 
19 8703 1664 9207 4066 4536 1609 3608 6387 220 2496 7244 3934 526 4434 1149 6207 8612 5390 4292 
32 117 1978 1724 7435 3596 9452 5466 481 3717 6903 9135 6247 40 8638 857 7866 9085 4489 356 3484 4925 8135 7336 5438 3558 4668 4808 6627 4641 5334 224 7223 
29 7913 3325 7816 4834 3157 7407 3127 4711 4851 5587 8049 72 8873 1171 3590 3355 5392 468 1390 5141 4305 6546 2185 3518 1758 391 3812 4955 8789 
16 6695 4143 7141 7911 6485 4387 1192 7671 7559 1801 8867 2583 797 1115 4127 9380 
32 7040 4346 4495 8271 5218 3640 8449 5049 502 119 4782 8042 7840 871 2108 5915 8288 7754 7077 5785 3455 4322 3820 5505 4462 3189 9521 7349 3957 6093 2922 2983 
28 3855 297 2429 7849 666 6582 8901 2 1980 3115 6799 239 7734 4468 9312 7031 651 8333 1173 7938 1403 2554 4197 5874 9396 6257 9906 939 
23 3371 8559 2774 19 9090 7846 530 5307 7882 3759 649 9228 2760 3925 4443 1065 9194 6811 6225 3517 7919 7053 6834 
19 9675 8520 3249 739 699 9691 1002 3722 2805 3152 2991 2772 63 8117 2811 1542 4908 2628 2669 
17 6198 4829 4449 6769 7368 2414 9395 6086 6432 3034 1404 2624 3388 1327 9937 8947 8377 
11 9449 211 2288 8572 9792 4531 8396 6931 4047 9796 1929 
22 375 6160 9733 3409 1874 5250 9407 6167 4232 2719 6117 8936 4023 9501 1675 8053 7744 1074 5494 7586 9673 6479 
33 1040 7188 5615 4706 842 5112 2293 8574 8207 1580 2686 559 7344 4776 4677 3173 4840 4947 801 974 5590 5680 1162 1577 725 2588 5822 5935 31 2289 7824 1805 5571 
33 222 3103 7799 7711 8020 5060 6068 6756 9830 5566 4973 1365 4256 6331 2565 4314 2332 527 3447 5274 600 5530 9261 5873 1157 4183 3486 899 7618 1599 6917 5174 3569 
19 9550 2654 1475 1282 319 3070 6824 8749 1132 1011 2283 3096 3094 1759 6606 3792 432 5790 4241 
13 1135 2913 9786 2183 1036 2001 5338 5544 4134 4723 7896 6405 3755 
25 5424 5716 9581 1332 3294 109 7471 8323 1030 9012 6125 1201 7492 3778 5298 2541 3071 8142 1408 5455 3093 8898 5944 2818 1212 
15 9799 2912 5161 1227 658 9864 5815 353 4147 275 4329 3028 5179 4865 9430 
25 2559 268 3655 7512 3572 9316 3786 6327 164 823 1263 6744 9021 6611 8611 9875 2353 913 4149 729 5474 9097 5629 4186 5841 
14 372 3281 4644 3468 1246 5197 7251 6250 2100 1614 5449 9990 1343 2508 
29 7952 6694 9405 8425 7210 5189 3396 2305 4376 7579 6967 4744 516 215 202 7440 4992 8969 6801 2469 9528 8891 5077 9850 6433 910 6458 3857 247 
15 3654 693 359 4166 1971 750 8389 4563 131 9454 5855 9577 3110 9638 5244 
25 24 5649 2209 2924 6962 7727 2373 3282 6861 7790 8432 6738 9762 2226 6524 2792 7204 8441 3180 3780 8897 4057 5471 8301 1410 
32 4637 5381 8189 726 2975 1010 4246 417 3398 7682 5279 9478 21 7091 9337 6308 8283 1053 2873 7294 9285 7892 1877 7833 8352 5065 4759 7001 5458 8941 710 8022 
6 6115 8406 219 3333 7948 7376 
18 3988 8675 6418 1384 6849 6851 7355 1416 5183 1469 4210 4500 6792 7664 6614 6441 4987 3021 
8 5885 8342 7810 1860 8715 7638 9927 5891 
4 541 7640 2418 1546 
22 6228 1815 3697 3005 7230 3329 7779 7483 1229 6709 8944 564 861 2446 3683 8684 6421 3819 926 424 4750 7404 
21 1833 1563 4355 6268 1198 2601 8334 3159 6332 8362 6561 1432 5488 62 4095 246 8454 8943 8279 685 5063 
16 29 610 4056 7140 8484 7891 9144 9252 8821 3684 5802 8853 7317 2490 6390 3638 
21 55 583 7229 2589 6740 5425 956 35 7208 3194 9232 2412 3837 60 3140 5551 9650 4311 8087 2544 3618 
32 9523 3025 8564 8557 6658 1635 4935 6296 4867 8434 8146 6563 7092 2696 9684 4356 9817 852 515 6539 253 5336 4738 1917 6781 593 4743 4463 3983 2277 1642 8019 
32 9216 2327 4873 5387 2123 2711 6804 6450 4207 2235 4297 9457 3117 3261 4895 6041 4453 5664 8524 9739 7543 4102 2590 2672 9096 6144 9066 5056 9257 251 2032 3588 
10 9283 9121 9471 5638 6934 6489 2067 4474 9555 240 
28 4842 1993 8213 6502 9347 8376 8774 9559 4225 3193 2756 2563 4804 3437 5611 2371 7306 2071 1506 5037 6872 8275 1278 4267 7289 3892 616 4538 
9 1888 3239 7227 2759 8923 5661 8424 2845 9329 
33 734 1879 3579 1013 5510 4635 9944 2605 3795 3114 9171 3802 8378 9357 5550 6106 9607 5083 7024 6552 8107 7706 7868 3642 5940 2392 6300 1969 1141 8374 1318 8710 3985 
10 3149 5902 2828 5727 4781 2838 3202 5653 5476 1009 
28 7119 9166 3651 9544 6164 8040 4703 98 9179 7732 1738 4045 4347 8316 1981 4012 7788 9686 3801 5997 351 6358 259 9 1576 8106 8057 4592 
30 4214 6656 190 5743 8629 6206 1218 2537 9071 9199 3532 5995 3211 9240 6165 1668 3551 7720 5807 7970 9016 2743 182 410 3533 6212 392 6271 6613 3617 
13 7862 1111 8445 5660 2045 3896 4046 402 4317 4052 3012 1923 6494 
13 2986 4882 3321 3774 7774 7181 7739 792 3095 2679 431 321 3478 
19 957 3008 8458 4455 6410 6475 2651 6026 8671 6719 1864 286 76 6406 7879 4420 1701 1019 2755 
29 6724 3410 5227 7398 9128 166 2915 7372 975 8133 2825 2171 2693 9534 1753 1116 8729 1388 7396 9924 5142 7127 9493 7219 8265 757 59 4348 7700 
33 445 2507 1492 8739 4910 3188 5955 7787 761 3636 4607 1436 8851 8857 8307 4809 1050 5220 4097 851 4370 5 8633 2262 1279 3002 2219 8888 3781 3500 1254 4338 8350 
14 3693 7028 6110 9851 7927 3073 3585 483 1627 6480 8485 1376 6016 5665 
12 2020 4788 3527 2357 7346 9754 9355 4218 1057 3935 3943 2620 
12 5598 6900 7186 9402 4648 6951 2783 4869 9681 85 9381 5441 
24 3030 2324 5808 4414 6924 3024 9282 8588 6474 3502 2732 3098 1110 4775 550 5804 1772 8992 9732 3649 5403 7980 2625 8994 
36 3471 3667 6139 817 3208 5487 2511 3403 7236 5712 3615 3038 1324 8228 2362 4552 1309 2393 959 4038 678 4682 6083 3406 8360 5525 9966 3023 764 9391 2689 4337 7985 2090 6350 1300 
13 8102 1407 8158 8073 3833 4493 9177 8617 4105 2065 5211 3341 7713 
27 8840 4475 2079 945 3424 277 7637 9696 6186 8079 6034 9576 2355 7513 8864 2402 1071 6262 545 4423 5906 5930 5319 6551 7756 3705 5501 
30 5406 4098 6794 8055 8426 8902 951 6356 4139 7239 3905 2909 7266 9150 1307 1964 7354 6525 3888 3497 5229 3033 3254 5521 3128 2843 3718 7789 5225 8543 
27 1528 6965 8290 2147 7226 3807 5751 8094 7066 1338 8444 10 5004 256 4970 3413 6314 4362 9672 140 1398 7869 5311 1581 3853 9829 6467 
29 8204 8029 3138 457 2382 2060 3435 1509 3770 4441 138 1787 9998 2400 1468 859 3395 1596 6229 7242 9338 2946 2211 6993 5057 840 2410 4268 4124 
27 1735 6269 2424 8262 6493 2106 2143 368 5284 414 841 4234 4526 4201 7858 7625 7963 6275 4702 2361 937 9714 8327 9753 8163 136 8957 
30 5304 6633 1228 6457 9974 1251 1959 5156 6584 8876 64 1862 1101 8686 1051 6680 5364 276 4454 9506 7388 3662 9791 8393 8949 9451 3185 472 9334 3204 
17 6321 8954 632 3059 2579 885 1437 4129 6136 7369 2521 2259 662 7906 6492 2203 7825 
29 3743 6913 5572 8370 2904 4064 9769 1723 5539 5263 292 1553 7187 833 384 7966 7322 4222 9342 8287 3658 9178 2822 4226 4752 1093 9834 5415 3969 
20 6039 2439 3877 8576 8476 7848 4187 503 5677 1462 9069 6011 5251 9773 1809 1052 8641 1210 343 3737 
23 3457 2531 8149 9406 7553 1697 6409 5054 2981 8244 8289 5919 1107 3548 9243 7696 4861 8384 9669 4332 737 4103 9326 
31 8728 6662 5358 1734 4194 2566 2216 152 9497 7558 6850 8063 3 8169 3856 2995 27 124 5518 5081 7491 4676 6401 7530 3762 2940 9717 8674 5265 1559 5586 
21 4687 8630 3236 2641 3196 4352 2110 5610 912 3377 7130 6264 2615 54 3280 8145 6445 3014 6242 4725 8217 
7 3564 2176 3246 36 2798 7600 2134 
29 580 1794 1170 4693 7104 2523 825 3554 2333 986 6896 2320 454 4981 6880 5032 4950 5827 1657 6095 5454 8894 6701 1812 6844 7183 7112 7017 5646 
22 6456 6843 3276 7320 7357 5006 248 2717 7924 9321 594 9293 8496 7767 2266 3872 5667 6177 7057 6241 1510 2163 
25 8179 9820 1803 2184 1368 2694 8833 3053 3796 8473 8623 5795 7022 3678 9197 5928 5252 8174 5737 4883 8654 3480 144 557 1038 
8 6952 9670 6745 3338 8996 3750 2151 6527 
29 6424 6654 3826 5744 4170 3989 4080 4666 6526 1352 3205 3624 7267 1123 6622 8628 7137 6289 6337 621 4827 3272 900 8371 8429 1290 5939 9281 1150 
28 5245 5393 1489 9267 7086 9680 1729 1835 2857 9222 8610 777 5041 5532 7718 42 6324 1434 7979 7126 6761 3492 3113 2138 2286 2322 5125 8874 
3 7468 362 7432 
22 1866 1194 8803 7193 529 7019 106 1117 2057 6059 2024 3045 3161 9099 8702 5024 5964 8735 5058 1962 5720 7036 
10 8578 7778 2468 8624 5444 2376 5280 5253 3032 7049 
9 9901 3049 7325 5531 6311 3687 2926 1304 4891 
30 9411 7709 1113 2963 661 2455 47 5627 9949 2578 4888 8164 485 4800 9482 9810 2959 386 1253 7969 1183 2572 5153 9857 7478 427 3184 3836 298 6170 
15 2278 5027 7864 3148 6558 6377 8394 5079 8132 9057 6007 2914 8538 4911 6127 
17 9626 7064 8302 315 1363 7572 8637 8219 4137 5371 3809 345 755 5895 7524 7356 7115 
26 9187 8489 2536 6752 3334 8868 2250 1910 9202 5866 7068 8051 7120 9155 8692 6692 4152 3081 5828 4580 1180 7123 2243 9776 6997 7173 
24 8509 7687 6123 9985 8464 8155 9537 5838 4195 6460 365 8793 5763 1828 7360 8461 3467 4271 6992 6383 8983 9294 7087 5254 
29 5222 3540 9595 5089 5554 326 950 4205 5695 3451 294 7516 1861 8976 7326 8242 449 116 6812 7295 2069 38 3766 4484 1636 8080 8463 2618 4846 
12 3647 25 7596 8408 9271 289 5833 8647 8078 8770 8847 6185 
2 7716 7678 
26 113 3546 6150 2198 9575 4957 1884 9158 5193 352 6103 6883 4718 8649 1870 4993 3142 6560 2331 1574 6867 8208 7074 1427 3887 142 
20 5343 6329 1024 513 2539 4088 5012 7246 9276 4636 9624 8225 8646 1031 1154 1450 2996 3446 4517 4736 
18 7088 4546 4437 2422 8832 6836 439 8766 4411 9750 8666 2423 86 8008 4277 1207 8185 8480 
9 8587 6404 7129 7451 2335 4421 3105 2573 2049 
11 9698 2603 7287 4428 8566 8462 5541 6058 2982 2660 6453 
15 6767 477 9052 2784 3865 1054 5732 2999 2585 6407 7693 2948 1922 7437 3870 
29 6044 1637 4583 9920 7631 4826 8791 6985 9923 6213 8694 3909 1891 1592 5340 8166 7353 7076 5367 2500 9211 3118 8269 1849 3637 5896 3284 7783 9677 
32 394 567 5948 5990 3067 9320 4109 6202 5347 2787 6648 8116 826 7679 1431 5379 9939 5258 9653 8771 7185 7157 644 746 5269 667 8168 1312 3863 9918 5273 2664 
18 5971 1630 1984 2426 4661 1221 5212 3058 3220 161 4958 5553 389 7951 4904 8552 8870 8069 
10 2296 1438 9473 5818 5856 7406 128 435 5779 4887 
21 6529 5237 6304 4630 3200 4250 32 9610 348 2797 8062 979 2557 8960 8492 1956 6384 5592 170 3562 8921 
12 1883 7993 2512 7804 7910 7780 4131 3876 2251 7813 5294 6060 
8 8227 712 7801 1966 3255 1055 3880 1134 
31 4877 8586 4233 3354 57 7685 9419 8298 7933 934 4907 9823 4550 5268 26 3567 6754 8013 6938 4719 9932 7067 9841 6796 6411 9223 5883 8308 962 3458 2208 
19 3245 7329 7768 5120 7172 9164 7628 5584 921 2969 6179 1791 1907 7178 8693 4335 855 4001 8730 
17 9046 4208 2928 2642 989 5477 7382 5187 6537 8737 244 9652 3782 2042 5786 512 9868 
29 6189 9852 6155 8784 5626 6446 3663 2482 7041 444 5764 8760 2078 1814 6975 5729 973 2553 3815 9995 2824 6100 9580 8834 2474 1983 1230 6721 5020 
27 1414 4885 3029 2401 839 4020 330 531 2385 8324 6946 4113 8494 4394 7842 2978 322 2215 3519 8561 932 2165 1663 5047 2773 7460 2117 
24 696 3758 5954 1500 2663 8379 9948 7169 2525 1193 1598 2513 8064 1236 2016 305 7420 6549 9115 7473 1694 7947 5460 8433 
16 3147 6297 5301 8534 5694 4620 1727 7974 5614 8469 7623 9999 2806 8865 1931 7986 
29 8932 5491 8713 1121 482 9549 7698 3051 8353 2640 9284 1433 7791 5191 1761 7939 9212 6928 3018 1498 8977 9308 5797 4466 4760 2098 6035 7391 437 
18 4984 5113 1973 8481 4212 6565 6431 1214 1270 1520 2962 7469 9568 9296 7154 2280 2019 2509 
19 1512 3384 206 4717 17 4188 6803 500 1990 1007 5961 4616 9703 5942 3417 6968 9940 398 3120 
27 2233 8459 7224 8410 7934 572 7477 5426 9701 7654 2037 6926 6970 7351 7417 3387 2763 3019 8658 4551 7039 901 5659 8607 3838 5293 1378 
28 9935 7116 271 5996 5636 6473 5303 1647 7209 7276 120 2270 5608 4358 257 2522 6126 3344 2800 4178 9206 4860 5459 6534 5563 447 8690 4042 
28 2166 9087 965 9286 1503 9620 3879 3477 300 2075 9992 8830 1513 4915 7486 1451 9839 3695 4707 8467 7540 8195 6148 82 5508 3724 4803 3528 
30 7114 627 1100 8328 2649 6703 6023 7535 2453 1429 342 2835 4378 5172 3141 5862 1289 5196 2232 6553 4253 143 3633 1295 9025 3107 3069 231 9766 1558 
7 7612 8209 9768 6741 4848 3739 2591 
15 7108 4965 4564 9838 3574 9783 6116 9239 1164 6385 2459 5199 4306 7981 766 
28 2738 6884 6669 6220 3583 6182 552 1181 9952 4653 2630 2722 9816 733 7521 9111 94 521 2466 393 3219 3698 7669 7163 2224 6465 6795 7441 
18 9649 5746 3601 5214 4875 8614 9341 3124 2706 6121 4211 9298 5073 9671 2947 8842 5383 7632 
28 789 9011 2934 6575 9617 1453 74 2164 7045 8491 7231 5411 9779 232 77 6204 8060 5966 8651 9047 3206 5791 7283 2161 5735 6973 679 4177 
30 1323 400 493 3921 8681 4659 3958 8597 5579 1595 8801 3432 4486 9292 3052 8779 8738 1068 727 9578 1039 5276 1490 8790 1195 4522 1573 8120 5538 2658 
27 3197 2748 2742 4154 3915 9872 9761 9858 8585 8023 3474 2526 5023 2861 3913 5320 2378 2514 8733 460 6183 7268 1731 2421 749 3690 9117 
16 8024 2520 4164 9890 9562 4141 1381 4492 8762 488 7834 7138 9589 1306 675 6260 
29 3257 3976 9965 4299 2112 7692 1565 1725 6426 3372 6857 6290 7220 5259 1516 4000 2678 4081 3954 6954 3604 7803 5922 6693 6959 3665 8884 2130 1569 
21 8711 6910 8540 8074 7402 1340 3331 8336 850 5987 6050 373 1607 7485 7484 2145 3931 2113 2329 778 8331 
8 6135 4223 4084 1252 8071 3224 8722 7937 
12 5991 1744 6508 1881 5410 5749 9169 4393 8211 4606 9227 8054 
17 8736 4959 9306 3368 601 8796 2140 2900 4123 1521 5465 2082 6463 6112 7943 8517 464 
18 5213 1593 3891 8573 7580 9251 1836 8852 7304 8255 7827 5613 4174 5003 7831 6840 5682 5108 
29 7020 6786 9845 2856 2570 2600 1046 7808 2702 1568 2670 3392 4430 3553 5195 8927 2038 6506 8483 9373 2301 3274 8090 2606 234 4479 1653 1547 1006 
18 3311 499 6452 1832 6008 6734 8583 3001 8466 8756 4596 5146 3287 5198 7818 2221 4133 5859 
25 5858 6239 9487 782 2731 3493 6618 8687 281 2901 3992 9919 7708 7292 2936 7961 9050 3125 4599 1991 8089 3871 3390 2819 4158 
13 3990 3849 5748 6922 2916 1106 6809 9364 3622 8956 509 7392 1339 
22 3575 9996 9666 3068 3411 4558 1601 8831 908 8160 8661 9152 985 5339 551 9173 8678 2070 3041 6676 2408 4716 
9 9463 5480 1582 7717 3035 3405 4490 9915 2169 
22 2538 7677 4794 9869 1508 8110 6280 9570 843 8296 7488 8807 754 4688 1042 7551 5796 2980 505 3668 5774 835 
17 4260 4537 9556 6255 3199 1634 7284 1706 8114 4230 9168 5413 7215 7537 9558 6748 8535 
8 5875 5332 7610 2129 8855 5478 3286 7058 
7 1651 1421 8088 5889 1865 9736 2276 
26 902 7546 1994 6567 9751 1346 9963 1220 9623 2645 8516 8811 9630 7328 787 3382 5115 3933 9149 4005 8251 7303 6073 5046 8122 5543 
17 9137 5698 3821 718 640 9712 4990 1109 3203 2415 8843 5039 692 9716 7352 3013 5059 
29 2788 874 1276 6430 2207 2404 7456 4969 5684 6921 7004 37 3473 3841 6923 9423 9961 7030 4216 6586 573 4288 5972 1202 927 2998 3134 7766 6221 
23 8848 7792 7379 7113 7857 3846 9358 3011 2644 539 6299 7738 2489 2022 1126 9465 6702 5845 9747 1488 3535 8862 3346 
11 3951 7428 4196 565 3966 6076 1459 816 4033 4075 2939 
31 4511 4255 7737 5511 8768 6024 1169 514 5702 8644 6218 6864 3772 3182 6366 1402 6629 1953 5396 3376 4847 9437 4581 7038 9008 1739 7044 6845 8137 8337 976 
9 2006 9813 8309 9349 2486 5825 2864 5029 5173 
25 6747 1674 9627 4980 6550 8795 8367 9889 156 9054 1924 501 2438 2596 1519 5722 7063 3545 2012 5832 5412 8663 1868 4189 3288 
21 2026 1524 3605 9524 4481 1886 7043 5844 1589 4787 8502 5527 3339 2837 6617 4902 213 9327 5132 9903 4483 
14 8021 7347 3027 2943 7608 9017 520 5736 446 6770 2307 5811 8606 5504 
14 2436 2957 3603 9925 6687 8206 2716 562 1658 637 7991 2456 6603 5370 
26 2899 892 5369 1267 3191 2077 4652 7912 4503 6832 8533 4892 4263 9444 1854 8845 574 2727 9794 7348 299 3942 7673 794 3586 2627 
24 864 6208 4029 2105 7010 462 4117 7414 5768 3356 1075 8532 4745 668 7652 5277 8340 5127 1665 8696 5204 6782 3928 9770 
13 5359 2681 9385 1430 39 6610 7359 5316 1452 6147 707 5953 2813 
17 6877 1588 2690 290 6739 2409 6580 7746 6737 1785 4367 1848 3250 4162 2608 5547 9916 
26 6735 5377 3842 6438 1557 6705 9710 1250 1583 5014 4638 897 5635 9397 8010 1485 1851 5346 5321 8124 440 5623 7702 790 4296 1562 
16 8699 5890 5025 9382 8653 9527 1676 2374 4566 2498 6578 4810 3158 9582 8777 1545 
12 5034 6200 9735 4403 9062 883 5062 5133 7506 6151 6518 9536 
29 2791 8274 7574 3375 2442 6638 4639 6374 2884 659 6925 9141 5305 1876 304 6339 6130 8438 6267 7240 931 7518 9426 6477 4242 7968 327 1418 626 
4 7575 6154 6878 820 
7 8104 209 1399 9609 2073 4018 1439 
30 9685 6455 5205 6711 7085 3036 2059 3784 9731 2558 9837 5462 4654 543 7529 4429 7461 6224 7258 6577 8455 5145 2725 2460 5435 2683 8541 6994 9354 5723 
20 7082 4833 1995 3544 6340 8191 8695 374 8869 9077 3862 8691 7949 4121 2144 5421 3873 250 735 9723 
25 5654 6307 3991 3602 2992 1797 7759 7411 643 4594 536 9368 8460 9709 7914 6600 3864 8364 6209 4315 401 7719 5854 3514 3402 
15 3170 6053 7876 6856 6523 4485 7278 8272 2680 2104 6726 2437 8881 1533 5573 
15 328 608 3381 7250 8045 5893 8769 5609 8685 8657 7977 2253 3522 4 6113 
25 1689 3947 1260 9042 7785 3102 6587 7014 350 9583 4265 4565 1224 7238 2124 3177 8256 4504 4061 8683 5362 2847 8939 5408 7375 
24 1852 2626 697 9030 977 6886 9564 7309 4828 5998 9659 6353 3139 4316 7454 1486 4579 6759 6887 4534 8295 8849 360 2463 
25 9191 3317 7446 4115 3370 102 5724 4477 4433 8511 320 8415 183 3525 1775 5938 1103 8514 4859 4261 3641 6978 2449 406 4319 
15 8792 2881 9511 9116 2781 3775 5400 847 2796 2319 7972 8332 325 3589 6439 
20 7319 6003 9804 7253 5409 461 8945 9881 1389 1695 6980 7658 1354 1698 8858 9646 2880 1939 8178 7252 
23 5500 4836 9897 542 7422 2086 395 9778 1337 2213 3016 1827 2351 4514 6720 4480 1362 3745 8411 7350 4140 5857 4929 
26 8277 5771 2056 611 5799 5124 636 6696 8108 2231 2611 217 2688 7855 8709 1196 3089 8985 3728 1366 9067 6717 7424 1951 7714 3643 
26 8979 3910 1640 5668 4587 5267 1369 5951 4328 2898 2040 4470 5537 510 1824 3878 1375 9204 2872 4751 7158 3460 5248 8156 1359 8618 
13 4200 9255 3066 9512 2551 5622 3829 6114 6462 4912 7646 6174 3827 
5 7585 3426 5888 6293 1817 
23 5710 2118 7102 4658 6814 5043 7745 8245 9784 1314 1072 3738 8436 3365 3834 5946 3179 2815 1536 4649 5714 3043 4120 
7 8967 6349 1148 8372 5876 263 2586 
12 8447 8254 3840 4065 938 1317 2844 4259 8669 5705 7003 9530 
7 1530 5983 7079 6788 3741 2964 3619 
15 1778 9462 1743 3912 3195 4122 158 5509 1380 7083 1813 9371 2337 6 4622 
16 7117 1869 4048 7630 1342 5326 9788 673 8759 2450 6941 1095 7151 1472 1261 3386 
26 3176 5535 1200 4404 2041 5656 1079 9242 1494 9505 1048 5709 2359 8565 5257 5111 2510 7487 5515 6195 8205 3327 8138 3712 3218 4156 
23 9495 3557 4953 5853 6422 7216 2072 7873 3790 8918 4669 9043 9894 7330 6564 4142 2807 7290 7136 7814 3688 1226 3664 
26 6004 1518 9657 1667 992 9842 1631 775 2260 5070 2272 6036 1420 8291 4979 5520 748 1678 3164 3363 8752 49 1077 579 9860 3097 
13 9401 3092 7602 5663 2577 5135 8523 1768 1790 7659 3977 5992 9824 
20 6168 7648 1830 9654 5783 4007 8951 7134 8018 2043 4634 5534 65 6138 1395 8009 3982 4754 4835 7482 
13 5517 212 4520 363 8704 1764 3100 5489 4728 1473 3858 8453 7093 
17 6159 1142 615 3022 1693 6643 177 9900 3429 30 7900 2125 5981 9978 1502 9170 8727 
14 2230 41 3632 4396 8173 2368 4528 101 9340 421 5760 6533 7459 8414 
18 9503 9926 7554 665 1460 6825 5382 7334 9015 1037 5223 804 258 3923 4554 4909 1082 3994 
6 4467 3292 7106 5975 6644 1247 
18 8892 5699 6749 1491 5678 5228 1441 1182 4588 3297 1374 1419 9427 7964 9793 9369 3860 8113 
20 873 5417 2443 1125 9348 2256 7160 9522 5022 7775 7279 2878 4180 2764 6057 4841 5150 4962 2862 465 
13 8548 6765 1628 5107 3993 1613 3623 6197 1061 5272 1837 6665 2597 
6 8978 5757 8521 6634 3539 1722 
11 6875 3017 7444 5103 5989 1478 1129 1288 4731 635 5376 
15 4112 4502 935 9180 1537 425 8229 4221 6240 7626 3979 7802 703 2295 7655 
27 8203 8440 4202 1684 6357 5344 4944 7221 3476 3547 5976 2062 3010 9218 7932 1816 9973 8066 6731 7307 7606 7035 6981 9560 8123 8527 2225 
20 3773 4863 1102 8176 5701 9272 1259 4802 7259 4217 8141 9510 7897 8886 915 1285 5044 9123 5931 7601 
30 4575 8198 6718 2167 2464 7636 3122 7562 5323 3673 4167 8105 8590 863 6996 9886 1941 1124 3713 2699 6632 8558 9551 6355 452 9746 7577 7748 4040 9827 
13 3291 3999 7538 4237 9828 2712 8215 2050 5151 6153 5296 6210 9172 
13 200 1804 3614 7071 5863 7517 4192 1426 5812 5817 2814 8319 4662 
25 7314 5602 2352 9118 8037 9561 6659 6393 7998 8963 5442 9498 8549 9447 8347 5605 2617 1397 2795 1225 5407 1641 770 5900 3259 
19 9602 720 7867 6392 6538 2776 9035 4384 6098 9438 7749 4096 1383 4890 2039 534 3628 9688 8047 
29 4624 1233 9951 1685 225 7096 6279 4031 7794 6683 7148 2859 5689 6763 2685 4817 8417 4304 2120 8655 7055 9309 8222 8797 4126 9215 4185 7731 5606 
21 245 7248 4705 1222 3732 6336 6971 6188 6746 8159 9000 3436 3593 6830 7418 8003 2282 6555 9904 3733 9910 
9 3779 7870 3972 3433 5437 3751 103 3763 2528 
16 3362 9843 8025 5561 4932 917 1268 2849 9898 2643 4077 2326 1972 1909 7533 3289 
12 8786 8536 7668 7438 4300 1859 1710 2846 5901 7006 3894 4646 
20 5295 5917 942 2745 9156 7176 624 1387 5484 9318 4936 4603 8818 1893 1680 6715 2794 811 6507 2770 
8 6192 7465 3108 6742 8989 922 4643 4027 
29 9806 9105 3026 6601 4713 178 7301 9496 5076 1561 2933 4845 6061 3961 5522 4748 6388 2427 2369 7159 9606 2080 7051 2157 9387 9811 2227 9517 9573 
23 8224 4050 5240 8128 5495 5169 2407 6699 8705 1034 1163 3788 4612 2705 4672 9692 4519 9690 3945 2321 1826 1677 9131 
4 3510 5621 3701 7110 
12 2074 2212 7139 1526 7213 4413 9956 296 3652 5647 7881 1705 
24 5540 7683 3420 4035 1355 1745 1942 4871 5105 484 5523 4747 9480 333 1853 5203 2666 9040 2302 5322 8385 4446 759 9374 
5 1208 174 4157 1456 2055 
5 3129 4686 5234 5091 7161 
9 1177 6425 3936 788 5429 3349 6943 2698 994 
21 2495 511 2997 141 4415 4773 3963 8650 6513 9335 9181 1373 5270 3485 3515 2318 5345 5395 5545 2677 7182 
14 1970 4291 4544 7684 4386 785 6723 4431 9861 9210 5973 758 5666 8740 
25 7975 5090 7323 9871 7883 6119 6133 2543 5514 8237 5247 2153 6785 8359 3061 2668 4146 413 9931 7955 1231 8503 5443 796 3975 
18 730 95 4410 5351 8034 9832 7162 9836 8373 9436 2284 1167 478 827 2801 6964 5927 1018 
26 1955 7243 6352 3537 2852 3952 6999 8799 8627 9421 3212 2017 4597 441 162 1916 5275 3427 8635 5869 1482 756 6635 2457 7131 4091 
10 2782 8856 8575 7663 2406 5564 5074 5201 4523 8402 
12 150 5686 8682 832 4862 3793 3930 7234 3997 15 7909 6152 
23 9543 5777 3783 3789 6222 2958 1960 8547 4899 8917 8143 6014 7541 1996 8305 4671 9599 5048 7297 9499 9241 818 2271 
12 9636 9314 233 6855 8196 7835 8913 6573 4079 430 4951 7467 
18 9078 4807 7884 6009 4089 1896 1504 8904 776 5512 5877 3881 6075 1216 2298 6585 4350 3279 
22 3541 4153 4629 1721 9980 280 4343 8764 9941 537 9718 9665 6704 4945 9236 8568 4392 4172 8959 4790 4553 1646 
5 2718 5867 3298 8808 8171 
21 409 210 1913 5241 930 4130 4278 9553 576 4985 2148 1965 2871 8392 5327 2146 5691 7300 6005 2592 7899 
11 364 687 7644 4313 8036 9984 5138 7281 3543 8044 4374 
14 332 1175 241 1349 3315 4244 8871 9987 7147 5342 7311 8980 6750 6288 
19 5887 5756 8609 1189 7275 7712 1012 724 8177 6540 3214 5288 7254 2328 4022 2491 7863 898 8718 
2 6879 7206 
26 2780 5957 8093 9190 100 8403 91 8970 2292 7592 6345 4086 2599 8343 201 7107 96 6309 3109 312 2870 4516 5978 1898 6595 2724 
8 4507 9954 6285 1585 4203 7565 3347 6063 
23 4665 6245 3453 1215 6589 6491 5033 544 6905 9694 3285 1396 122 4190 7735 5349 9621 3187 879 5011 9711 8701 7111 
11 9805 655 6000 2000 2919 6597 4353 310 822 6914 9569 
21 8346 1655 3885 4656 9209 9466 691 7715 4714 6562 3534 5810 5851 6145 603 6487 6046 3265 9936 70 3620 
10 5282 2261 3112 5433 4326 1644 9288 3466 4472 492 
20 8382 7557 381 2952 4171 6132 7466 1752 6140 83 9023 916 7285 7661 1925 5820 3899 8139 7228 1652 
15 7249 8554 506 2178 9846 8263 3843 1008 7542 9968 255 1914 7217 5080 2177 
11 4761 4613 7494 4986 772 5809 4301 6015 9878 590 5697 
22 9874 2497 8085 2937 4099 2505 2477 5481 1840 8688 8974 4312 9533 6429 3419 3806 3810 7593 7821 9540 5731 807 
12 8351 3816 5719 2754 5952 7150 1539 7065 3256 385 9870 8596 
19 8157 4107 6173 7263 6359 1297 4561 5556 6298 1606 2419 4381 7431 7481 1112 8369 2730 9259 8490 
16 8835 6012 5662 1331 7643 4884 3799 7222 680 2532 6176 5360 6175 3060 7367 4604 
8 6536 9557 378 3970 5803 7837 1872 1159 
24 3866 1986 7442 7034 4854 674 2867 1692 9319 3135 5292 6442 6142 6802 7973 6937 1347 9885 6107 4691 4905 2656 7011 3631 
21 9744 4940 3169 2314 3155 2989 5380 6363 4903 3568 8281 760 2149 7670 7033 5328 8499 4983 9642 5604 1088 
22 7373 3270 8368 3818 9159 3981 5619 2179 3597 3186 5097 1371 420 9598 4954 426 7589 5836 3797 7476 4897 4281 
23 5017 6503 8236 671 2217 7595 3165 7081 5879 1639 5208 6730 3251 8750 6823 2911 226 5549 9840 7073 6955 4506 3929 
20 9631 6645 1294 6784 5310 4857 2141 779 7566 9205 4135 9801 5570 9098 1028 5580 4310 6569 9938 295 
19 7430 8348 7534 2220 4939 2935 3201 6187 9331 2433 2752 336 6071 4763 4998 7008 1570 4695 3850 
22 5285 2036 4704 46 9964 230 412 8470 9955 6505 6798 6697 3296 4427 9443 9942 1059 5224 6461 5923 6364 5848 
13 3830 9353 3542 8530 3082 4366 4819 2977 3213 9224 7321 3813 5513 
8 1527 9640 596 8995 907 8303 4339 5230 
13 4349 2967 4806 5601 9068 4798 4838 1442 5209 9656 8580 7002 8594 
26 6265 7312 8940 9134 6956 2753 1455 6156 929 1199 7132 5308 7018 5558 6469 9086 227 8354 5546 5843 5013 1808 6594 1544 9614 3408 
20 3263 5711 1902 8151 5914 6495 2348 972 4960 2616 6671 237 8751 4774 2594 2210 5388 6664 2540 1139 
20 428 6842 7190 4645 8595 9812 2885 808 2621 3428 2478 4614 3916 2728 4015 229 5581 3264 795 2840 
21 1313 6316 8772 146 6989 6716 9612 408 1411 5068 8584 1711 1623 270 7450 4995 4918 6088 6258 9176 2530 
15 5562 1590 5167 3397 6131 1856 3670 8365 9088 7170 7705 5439 9781 4927 9721 
18 4673 3445 8035 4497 2966 3496 4055 8475 2237 5463 1732 4931 9007 3626 3681 443 2238 5821 
22 3462 802 267 9037 5082 3839 5835 987 7624 6375 5389 6326 8270 9233 1409 9076 1172 8924 3488 9585 6365 3825 
19 1223 9947 7690 9477 8529 7642 886 8214 8620 4043 2087 5687 9245 6259 9203 9567 5536 566 3064 
13 3512 1949 617 4605 4724 7197 7361 6800 9300 6619 4060 8986 7061 
26 8448 266 7922 8259 9265 546 2035 9238 6839 5092 134 9080 28 4684 6001 5633 8349 4215 8706 5673 5096 265 7905 1301 1579 2659 
12 3490 7567 3565 3414 8188 1062 9346 8235 4530 1064 1892 7393 
22 5516 7662 7387 9248 4236 1638 6235 1029 909 1145 5357 8676 3412 291 2647 8765 8515 4780 2458 8508 6080 998 
26 7666 6818 9819 9033 2076 4327 9133 9912 2234 2383 8916 1308 2854 2634 5852 8427 6510 9201 4755 8677 1070 5246 8501 4324 1586 7733 
18 7255 656 4024 952 1302 6386 8988 9994 8140 6281 6129 6935 6899 1334 7214 9552 2300 3723 
23 8338 9705 2639 4914 595 9070 1476 2246 5864 2990 5956 9363 3481 6303 9310 6084 3835 2114 7202 6273 2961 3656 1003 
27 2973 9254 846 753 5375 3326 4398 3133 9632 9849 793 3606 3907 4368 1920 3483 9730 114 340 9399 6278 4812 9676 9290 8091 8363 6650 
18 6420 5158 2653 7988 4924 9734 3163 9269 1806 4900 1258 9590 8423 308 5499 5485 1841 2691 
14 9045 4733 982 422 8806 3099 4498 8416 2034 5314 9554 943 7133 9304 
5 168 1550 476 8397 8375 
22 5829 5620 9064 751 6346 7555 2192 5329 1688 90 9798 7549 9416 3805 6949 1360 8577 7338 1303 5368 4286 7758 
8 533 2635 9492 4318 2771 8804 8909 9377 
10 4720 8192 4465 8321 9390 1120 6998 8 3335 5865 
21 9633 3938 4938 3232 5116 6243 2766 3509 8721 9026 5925 682 1618 7168 4837 1032 4609 4447 1356 3965 722 
12 9815 6498 8955 5690 5045 7829 865 6223 3328 2614 9225 1000 
24 9628 1843 3616 9738 9375 1311 969 716 9106 1612 2713 4487 238 2768 8221 4771 9453 7241 429 9622 3627 1043 9198 4844 
18 6360 3594 6101 7811 584 8598 3277 8539 4874 3700 9009 9531 2028 5053 3720 3868 3571 1602 
22 6547 7994 9972 9458 7515 7724 7726 6253 4248 4533 4590 6778 4712 8753 9093 5612 5924 9339 9154 4823 9700 3313 
21 2399 6413 9450 9130 4017 7762 118 7080 1774 3039 9542 9162 4100 2918 2750 5676 3914 791 8391 5977 638 
22 6942 3666 1465 9538 8642 7425 1779 7843 4734 6292 2546 2358 676 7032 8522 5365 6468 9266 491 5202 8083 9532 
17 284 4101 6647 4247 5221 947 3753 6444 1078 6543 5430 9356 860 5207 9301 1377 4320 
20 199 1873 7211 1733 2930 3669 799 1424 6712 2175 742 5416 6691 9161 3889 3932 4556 2905 9909 8119 
23 9586 9182 3721 4034 9101 8984 1016 946 6612 2560 3960 7299 4889 2317 7 9126 6194 5447 3260 3343 316 8519 1020 
6 498 895 8306 7568 7772 7527 
21 419 6710 2181 660 4541 709 5899 8664 5256 6571 714 686 5793 5164 9041 2182 2970 6373 6876 8249 7410 
8 6338 2896 9138 8667 1709 3847 8591 3824 
17 1240 4028 8194 2652 4623 6319 9880 7800 7121 4933 1661 7144 5423 9986 9749 4451 1293 
19 3083 7277 6652 7245 5238 4989 3044 4772 7904 6776 2254 5448 8805 4148 5467 2865 6323 8482 6853 
26 318 208 6196 6270 5457 2107 6134 7384 8212 4988 1649 5849 3707 6219 2010 3506 3998 3273 9759 9280 6334 3369 7026 6944 9993 3984 
14 1206 8815 5929 6396 1770 2389 9605 5706 8457 5297 323 9787 6118 6789 
16 135 9625 2323 1762 6484 2264 8293 3661 9278 1926 2834 2524 2158 681 8474 5886 
15 9297 9634 2799 2927 4595 2954 7207 4224 194 7125 4876 4026 8905 4385 8000 
11 7000 4409 7901 2817 2377 6593 9089 8788 4700 1479 3679 
17 4920 6021 5593 2343 9038 7750 4235 7635 3000 2097 6497 2342 2379 6302 8589 8581 5988 
11 69 1792 9065 4930 4006 5965 1161 8092 3886 2993 831 
23 3875 6984 8854 2434 2044 7315 377 4824 1756 1988 8817 5019 3360 647 4116 8639 7324 8046 7427 6317 8877 4779 9311 
17 3050 4602 607 2984 7812 1716 6838 893 8136 5999 4543 3416 2308 9509 8716 9184 6576 
21 4830 2741 5050 2160 2602 7271 8026 7142 517 547 1740 5175 8286 4341 4110 3226 3600 5644 6096 1287 6087 
7 4011 3268 1549 3950 1938 4697 5312 
20 4482 6927 5837 3434 3469 9322 7394 279 2956 2950 8689 9866 6588 9034 721 919 8267 7836 8948 5758 
22 4285 5892 5650 8273 2665 7729 6932 2052 8741 6423 4805 9727 1291 9835 1033 2889 6049 3162 7740 648 2193 4820 
9 6029 856 633 4331 2866 2131 2310 5839 5652 
20 9485 1272 354 8938 5100 4206 3314 8928 4642 3443 3340 6873 4382 2413 8234 8975 995 6291 383 7649 
19 1326 7232 5422 1232 3290 6237 5452 8603 5708 93 3494 7505 1786 815 7233 3890 4054 8404 9214 
9 2518 6454 6402 9165 105 6161 5188 7627 4941 
7 8816 849 1587 6805 8968 349 948 
16 7196 2128 8401 3231 6605 3145 5850 5119 3087 4737 8794 6592 4401 1213 2697 6911 
17 4228 6729 646 3530 2548 6866 7645 5249 6105 7265 7725 8531 5363 1108 9601 8452 2200 
9 1997 7464 4678 5588 9502 5831 6986 9960 5361 
19 2440 1755 3190 9394 2790 52 538 9247 1783 3266 8258 9865 207 8409 4766 7885 108 2152 2609 
10 3475 3047 3057 2473 115 7903 1934 3610 6488 8563 
17 9109 6969 7191 9424 7564 6056 4539 2580 8599 7105 504 7390 5932 7395 9061 6052 2839 
7 8285 6771 4585 1319 4527 8712 2709 
8 448 3116 4070 7519 8919 8183 6979 329 
8 6128 6966 7777 97 7122 7343 8282 5232 
14 780 1529 983 8907 3764 781 1571 3175 1788 6598 1669 9797 2623 906 
10 2425 4016 5291 8665 3785 9388 3507 6581 1493 7015 
12 854 5069 9981 3364 1985 6344 2023 9724 5519 1681 2218 4471 
21 8823 3680 1496 6274 3228 5700 7594 7763 1534 7510 3379 8280 3639 7480 3953 6976 8456 1495 1060 6294 5819 
8 1186 5428 7135 3685 9611 3271 4651 4138 
19 6069 7710 7203 4400 9151 9526 9667 6451 9302 9460 2084 2451 1632 160 1766 4757 2747 7784 3559 
8 7874 1386 8187 2033 8190 7503 4496 8253 
16 5182 9464 1281 2979 3867 8099 7587 4518 4136 8061 4191 631 8999 6070 9014 6434 
15 2031 8546 6181 8545 3009 1357 5675 195 3361 8966 2387 2481 1594 4901 7042 
21 2132 3054 708 4274 3421 7145 3761 3295 2375 9270 3300 7273 2350 4849 4816 3804 6732 9905 4726 2734 2448 
19 7097 1686 380 3609 2972 890 2229 5582 4092 1382 9295 5215 3852 891 8479 6074 5130 669 3903 
19 4003 8937 1968 5260 3874 8326 129 50 3244 7921 9122 9756 3803 5641 9005 8238 9971 8082 7436 
3 9289 3760 4390 
21 1777 4372 5766 159 4756 3974 1799 8743 8767 2994 9651 9755 8914 9662 3309 4814 5750 221 3787 7409 805 
9 4657 6261 3345 9027 4584 7490 8571 5753 9317 
17 497 1474 9809 458 7501 9361 126 8153 2093 3332 2868 1807 6427 4934 5926 5596 2172 
21 8991 376 4344 7697 8103 8186 1946 3573 4770 7520 7371 6091 6787 5231 5030 6448 2013 7611 8925 12 1958 
6 9483 33 7423 5685 1234 1633 
19 9613 66 3513 6081 1912 8339 3556 3267 405 9250 7886 7699 9053 1333 7989 3995 8602 3046 6559 
7 8419 2180 4709 5021 3454 4942 4469 
10 9702 5642 9262 629 9566 2568 1603 7809 1847 1454 
3 4405 1146 2265 
19 3566 4764 2673 1937 8500 7920 4499 4219 9767 2431 3389 6894 3166 2391 6700 6950 8648 9095 7146 
20 9795 6048 896 7730 6082 3465 5394 1747 278 7260 6790 4176 9059 9982 3306 3581 6892 7539 3702 2007 
12 3740 6399 8800 3499 1466 1911 8268 4569 1538 7408 3407 3207 
13 1963 475 2126 254 6416 582 4547 9821 5106 9119 6395 5707 7621 
18 8747 5628 1081 2395 7805 1299 6104 4365 8656 8513 8335 6860 1243 6688 7954 7888 188 5637 
17 7380 9273 5962 4937 6548 3235 7179 5524 1017 9855 8912 7332 1878 1662 8398 436 7996 
20 9743 92 7856 3524 5526 193 6885 3075 2154 5529 1796 9244 5747 4051 5755 1153 4509 4610 176 5055 
8 507 9737 1480 5907 6775 2710 3980 9515 
12 9579 2648 1428 7090 3359 7839 9389 2476 6472 2136 3676 7069 
16 6764 4450 8413 5289 8027 6146 6102 4461 7675 1730 1205 6419 2014 911 3612 9146 
9 2245 9100 2394 1523 23 1954 3275 341 9507 
11 1 2751 6372 1151 8388 1754 8355 2046 7509 7880 8070 
7 9002 645 2240 3230 9600 2170 690 
21 9345 4749 9742 4699 5792 1944 5583 1834 6042 9629 7327 8697 347 903 2195 5775 6673 3978 5806 2598 9494 
4 7434 7847 5170 6544 
5 1863 4786 369 2612 9287 
11 6141 6078 4371 147 6909 9441 4916 670 4692 9384 2445 
19 984 1487 3393 2121 9433 6713 9351 78 8381 2494 2555 3383 7851 1156 2472 6343 3441 9196 4049 
8 7686 5036 3482 1620 3895 3225 3576 8260 
18 7174 9678 8652 1458 6178 1748 6519 918 4746 7853 4360 1906 5759 7511 1085 7983 371 1961 
9 1977 6272 990 3258 1930 6684 4002 5780 9024 
16 8059 8504 9647 8827 6915 4856 7205 614 5168 7447 2027 3312 1021 9467 2786 8430 
6 4245 4880 9186 6236 597 9359 
9 7152 8761 2388 5941 9474 9593 6858 8841 3560 
17 5352 9127 5713 6283 8631 163 9006 5385 4881 2749 9945 5761 1895 1280 4769 8717 5798 
19 3119 5366 2556 5569 6437 5670 6920 8903 6137 9704 104 824 2085 9108 6214 6417 2877 317 5436 
12 313 7282 6476 2054 7167 9299 4073 5233 4359 3283 4039 5985 
22 1845 4063 8220 8953 9328 3561 2228 4330 9490 6436 6486 3674 370 5655 6637 868 6626 2258 9891 7676 4570 2610 
17 1245 9645 8998 2025 3308 1591 2244 5778 3682 4333 5772 8032 7054 966 2703 3238 1522 
16 5674 403 1211 3305 1679 6708 11 6043 6995 4572 3209 5784 7452 5617 1350 4295 
13 415 2667 4879 1391 9911 8125 4515 5801 22 2190 9049 6019 4778 
8 8112 3949 7576 3086 5634 2925 8724 4741 
8 3366 1746 7274 8895 7288 6773 1749 641 
17 8615 9481 9641 1069 9167 6728 8725 4919 8863 2552 2733 5330 165 79 810 7413 7742 
6 6512 2275 3798 7493 6515 5159 
2 7386 1880 
14 6244 459 7143 7806 6974 4460 1932 7786 8720 3472 5788 2435 1802 5937 
2 657 2053 
15 881 1412 8075 1979 5163 9508 8748 8593 125 4036 2336 2676 6254 7199 3367 
9 5287 8243 5160 3946 4784 1470 9056 6447 2887 
15 7479 1168 524 8450 2063 6891 6504 8015 6511 7264 4797 7902 6368 598 9004 
