621 4780 347 8770 8980 3060 1428 4115 1134 389 7245 493 3425 7643 3592 6812 9861 5266 2922 2139 2772 2921 6261 4904 2234 5876 2586 3516 3042 8172 4967 6198 835 4114 9053 1959 6613 3190 8854 1711 2368 7320 9151 5959 42 2440 5588 7080 6933 8103 2734 691 2098 5634 9581 2758 9141 1408 2635 8450 3183 3039 3153 7136 3448 1785 7833 6096 8544 7851 5604 2223 5260 2150 6056 3117 3160 5455 187 7678 3249 9822 4172 7318 2822 3883 295 3660 6885 2600 6440 8725 1808 6130 6340 8232 9351 5371 2603 9670 9832 2446 9738 6781 333 327 2995 820 7759 7545 9740 9246 8849 5673 9058 4804 7914 6330 9742 7590 7584 1141 586 9038 1125 4141 3387 3878 3902 6808 9538 5919 5049 1556 7984 4107 554 1896 5914 9257 9227 49 8502 5751 3496 275 1179 5679 328 4751 9966 8057 1037 4122 5472 1769 1717 7219 1925 4481 8568 1976 9685 5771 4260 5333 8090 7229 4506 3295 9189 9814 5668 5740 6970 9340 9984 1816 3991 7735 8406 3128 8468 9447 2332 2849 8125 350 9612 9459 2736 2304 7922 352 3832 4494 2858 4236 1434 4824 8644 5835 4458 5387 8324 4543 7277 3524 4169 7867 3775 417 929 3240 3511 5197 3950 1055 2963 7084 4408 6869 2713 9868 2305 703 4910 8607 5537 4673 102 2782 1835 9662 1893 9933 5325 7309 2855 5324 7579 4878 8033 9145 9797 7427 899 1985 6599 82 3361 7186 4803 2512 952 9515 3203 7929 4006 3145 2557 6897 6200 1612 939 6351 4060 1421 5675 6610 2049 915 357 5552 5564 2918 9055 8083 7096 698 4801 3182 8036 681 8053 2038 8128 2710 1969 2179 3811 4400 6658 2769 685 306 9039 8724 4994 4754 9787 4870 3460 6003 8108 1897 8914 9289 2295 1095 7338 961 1590 1777 383 3875 2701 2767 679 8063 4568 2274 4931 530 7721 5990 1895 726 5163 9243 9215 9751 2853 4950 3492 6105 6424 1113 4231 5224 4048 1855 2728 3312 6299 2346 7259 4521 62 7421 3104 489 9702 5369 2550 3997 6481 2042 9223 9159 1572 2851 3558 8389 6944 4078 3 250 8141 9059 402 4053 144 962 8646 7979 5105 8019 6547 605 5022 3949 4523 7031 8594 5210 4559 1036 8486 3784 8746 1242 6262 7944 6389 3533 1541 8588 2908 9413 6125 94 5523 2381 2489 9585 1267 6322 6016 8678 3720 7880 7109 5109 3455 4951 2570 8790 1932 2163 2752 2156 3037 9191 3195 6369 6276 4397 8072 6497 4933 5483 4286 1862 2608 8873 3324 22 3411 7286 6212 902 9692 8540 8493 5051 6562 5177 3619 980 3937 3238 8316 1795 2028 8697 1554 3659 6042 3388 3679 4263 5939 1269 171 784 7638 4195 5112 9443 9470 377 601 6595 9500 4093 8625 7781 5875 5086 8309 2919 2950 7142 4587 8897 7317 4514 9619 9990 6710 2940 6444 7335 719 3914 6062 1839 1131 93 3733 1860 7671 2350 1670 9913 3683 2175 1082 6093 5454 7957 7337 5525 5522 2832 3440 4395 3001 6319 1983 6584 8561 3016 5223 7798 3833 4588 4765 7519 4273 9696 1076 9350 1257 7418 2633 3623 2651 4390 1260 3465 2266 8492 5303 9321 6531 1715 5323 795 3836 4661 5138 8118 3804 6030 9910 1132 286 8320 8074 5580 8808 4949 2242 1913 6475 5069 227 7992 5188 4460 9870 2083 1622 9460 8439 5474 1466 7024 5136 1111 5115 794 9273 525 6992 3536 1746 8943 9839 8111 5377 3537 2906 5756 804 9925 724 2061 7036 6255 9554 6470 2536 9986 7768 2574 2531 6703 7952 6461 4715 9533 2763 7426 9485 9957 9848 5322 9322 6766 
18 2174 8729 2796 1714 547 3057 4058 8151 9403 5284 9556 7021 1666 5954 2863 2854 9997 5831 
9 3853 7956 6784 2907 5698 2786 3444 4625 9914 
12 3508 2484 8626 6751 3157 6159 7319 2925 9860 6017 5638 1154 
12 8476 5651 5715 9950 8110 8682 3024 5002 8307 233 3818 7264 
15 3417 473 9796 7425 4572 1357 8485 4270 2942 9438 4556 6830 7555 7774 1648 
14 6754 6912 3242 2882 1910 4663 3655 6325 2523 2895 4962 9918 9558 7368 
19 9200 2135 1797 1046 9823 8900 9028 315 9374 661 7094 6447 6673 9358 9697 8265 2504 4275 6575 
20 8027 5171 3300 568 4669 9214 6957 1859 3712 1181 5398 852 2291 870 341 5273 8392 470 2388 2107 
18 281 598 3430 8189 6471 66 8720 5099 9715 5221 4287 6932 624 6371 7885 2810 5644 2084 
17 4474 5058 7072 2216 8113 6662 7600 1454 5527 8409 5285 4793 5178 5410 6135 6441 2980 
19 6600 8418 123 5259 9 5627 381 4439 160 6465 3800 730 6012 8959 9018 6898 1627 9154 969 
18 2195 7790 4694 1032 9704 7007 8996 650 6080 8965 3045 8068 796 5280 4502 2634 7641 5921 
18 8462 5010 4079 5578 8859 7701 3723 1977 6526 4075 1237 641 3120 5618 4775 3080 2217 7796 
18 6152 6765 4032 1352 7069 1613 7570 469 5184 8363 5275 4437 5054 8548 2936 1185 4331 2820 
18 8878 9411 9595 4819 6443 9597 8275 7895 818 2498 5950 9452 9786 6810 9354 8696 9478 6491 
20 8339 7191 6815 8798 1166 8135 361 5554 8030 9193 4407 439 6074 6271 1851 2561 7996 3504 85 4087 
19 7883 184 5568 2656 4074 8140 1702 2449 3070 714 7517 6573 1071 6513 3580 6061 4014 8465 2507 
20 5233 1639 8577 9919 92 604 6611 3276 6964 3029 7303 6909 121 5231 8596 8640 4585 3808 7559 6906 
18 3275 7598 793 2373 9222 2632 7963 6019 8075 8542 8810 7478 9748 5970 5953 1212 1778 6405 
16 3164 6221 8752 9736 1006 3397 1209 7970 4412 3668 6755 3279 2249 9163 6301 7234 
18 6231 434 2106 3507 3721 3368 4133 5676 6108 5294 7788 5559 2716 578 4254 8964 5674 7010 
21 422 6280 1996 3078 5332 58 8148 4305 5468 9026 8738 5225 4222 7923 7050 9423 8771 3769 8180 8194 6246 
21 1822 653 3122 174 8558 6701 5027 6438 8643 8809 9176 4961 8782 4762 8225 5789 3901 9544 2952 447 3810 
22 6819 7650 7891 6989 7267 7682 5827 6768 8054 9638 7687 5380 6141 6833 4682 491 2349 2879 5988 1177 4659 6479 
23 7581 9790 7117 974 1749 4383 8691 3464 9996 9471 9749 9269 5649 3687 4337 9900 8061 2067 6496 6974 2528 9941 2288 
19 1566 3560 2021 2846 4410 4365 483 7444 1153 1786 7521 3906 4998 3826 8443 7747 496 2497 9138 
24 6168 8204 8532 9035 2370 6719 9389 4226 8095 1376 2702 6691 9265 6636 2953 3946 6490 6377 7817 7997 8387 5561 6835 6148 
21 6578 6046 2599 610 466 7816 4515 683 8329 7168 7669 1874 4297 616 9991 5928 9161 5418 1397 4964 6627 
19 3746 4137 5390 1680 7032 4992 1488 7143 1591 3768 5582 7542 3663 953 6639 6173 1993 5823 7414 
19 3873 1691 5506 8089 2033 9448 7779 6106 1624 9905 6022 181 7100 9505 8784 845 9827 2681 5107 
20 2766 2916 1562 6409 6552 6510 3535 1625 7659 9637 4490 5633 5849 8037 6737 9410 6179 4747 2994 1445 
23 811 3610 1344 888 943 9862 5808 3525 5594 2292 3539 3597 8202 7490 8555 5795 2170 5729 8317 8945 3913 5392 7492 
23 701 5583 736 9286 6522 3647 2802 8755 7310 4815 9295 8444 3572 1718 889 5386 7741 1027 6240 5681 8753 5486 6614 
21 1377 9669 4828 1433 219 8035 700 618 9981 2362 9610 732 8174 9353 5870 9071 7194 4364 711 7887 2423 
22 750 8234 2375 2337 1121 7330 1413 6968 5825 1955 7582 2210 6316 1930 8522 573 6008 5774 7593 9724 3375 7364 
22 6669 3782 4757 5637 9762 7105 9877 388 5205 1216 1084 8136 2778 5402 9579 3758 1991 1522 4037 7341 2338 592 
22 8078 8543 5116 7870 743 6365 8529 2047 4261 1729 6131 1529 9101 2751 1470 7705 638 3173 5591 9555 98 7417 
22 2847 3503 7752 8526 6215 9327 5426 4902 8276 2492 7064 7041 3900 942 6499 2257 480 1967 8941 1665 9837 3399 
24 4507 684 1243 9660 7237 9935 958 2290 1645 8684 3569 3140 9840 8772 7520 6011 3601 2911 3074 8062 8360 2296 2480 3232 
26 288 9397 5360 6267 1898 9267 8206 2019 6757 2006 1736 3790 5572 9171 4253 2883 9953 9962 3796 4699 7470 1533 126 3021 1363 647 
23 6623 8937 1302 8840 8722 1517 5775 7200 3378 8868 9965 1475 9572 4746 4936 6783 3092 9615 7839 1268 8351 7936 2436 
25 9251 5696 2801 1525 739 2780 9250 6904 733 5640 608 9521 8735 6825 5728 3842 8749 5569 3355 8228 4512 9847 6121 7911 5453 
26 8565 7980 3318 7061 1802 7328 2153 7001 8908 4656 5631 2700 4016 4208 9205 8084 2990 1981 127 2959 6320 5361 6088 6413 4347 3227 
27 5777 2524 1250 1515 1689 2331 6697 1402 9081 9570 226 6589 8312 2486 3154 6076 4584 4798 5196 3734 8416 8743 9650 8470 6537 8909 6787 
23 9568 7894 979 9078 5100 7336 7271 4814 7563 9195 9578 5305 7717 2667 6059 240 8195 3970 4881 283 2661 419 1199 
25 9940 7976 4628 8381 7605 7046 4520 8591 1598 407 3231 9085 1850 6880 8302 2261 3940 2105 1369 8744 6952 9343 124 5211 9604 
24 498 8833 4126 91 9178 2260 1023 6378 8295 8321 4143 6913 1628 6619 8955 651 1762 5787 5375 119 8879 1868 3143 973 
22 7397 8834 7680 2891 6145 1701 3034 1706 5565 3253 9530 1510 1478 2784 9342 566 9894 3421 4643 3857 8887 9212 
20 8346 7116 9329 3882 8191 153 8288 5487 4541 4860 3097 5660 4411 1705 6823 9866 3403 4605 7260 63 
25 7937 1595 4703 4785 8008 8426 4862 8578 6146 1156 7314 8703 4029 3578 9620 6431 5864 7192 4274 3101 4353 7066 8932 9982 4131 
24 5262 6245 6402 6027 2289 8877 1261 5820 9421 7129 6853 748 3002 7048 7618 235 5805 1629 6266 2467 825 4419 7899 6091 
26 6603 9850 6493 8569 5297 9072 7623 8901 3102 2407 2488 3433 104 1129 4155 7602 9170 20 172 574 3645 2431 1946 6279 3386 6207 
26 4616 457 8778 5896 81 3228 115 2645 9355 8028 5399 5494 129 5995 6583 8393 3493 3354 4811 103 5432 6960 4235 6843 9510 7207 
24 9601 9561 5241 8471 6800 1698 4215 3377 7702 8087 3928 4269 6070 5452 8763 5101 978 2862 9542 9723 1678 9841 4821 2894 
26 7566 8624 2212 9708 9808 7257 428 5720 7656 5479 3740 8973 9009 2366 29 3224 6293 856 6415 3406 9474 6442 5635 7153 2623 7917 
22 1415 2323 1203 4444 6515 5592 7056 2576 5072 8982 3089 2831 6290 1811 3369 516 2902 7362 3285 2155 5707 8636 
29 8044 9791 780 6727 689 5603 5998 6213 5817 3568 2869 7514 17 759 9226 9493 8408 614 5575 5515 1518 2537 3760 3345 9388 7537 9109 7820 5885 
29 8786 6488 8464 5244 2394 1009 5911 1074 9466 600 1392 8707 5573 5034 7255 8748 9377 7583 455 1449 9705 2776 8918 1638 5365 4418 5320 6202 7527 
25 5798 6000 9231 5964 9664 954 4312 2466 8667 1654 9693 5469 8664 1514 1731 464 1834 5536 8731 5507 2532 9782 3555 1298 3082 
26 3373 7769 5610 5862 4577 9545 1742 7620 1135 1063 7999 148 1356 6126 6986 9661 7595 262 6169 1615 7837 9444 5551 9643 7688 1289 
25 8166 3410 4550 7097 4591 6721 3461 6220 649 847 2871 1078 5437 4319 6569 6534 6916 2329 7246 9383 2594 6561 8096 8618 4361 
26 8432 1560 3907 7691 901 4822 4914 2080 9299 2949 6396 9516 5625 9331 5776 6631 7713 4973 8895 24 5960 2850 4707 7533 411 5517 
31 2711 3899 6699 1772 2239 9302 1460 1919 7312 9455 7146 2508 1606 9551 4056 4894 7945 9225 3688 4150 2926 2844 9134 9045 5092 5712 6542 2016 2406 5208 9895 
30 2265 3198 3701 7151 2352 4393 4858 2207 2502 947 7615 211 1523 8825 6608 9062 542 6517 1974 809 4196 2567 2448 4680 7861 6626 6680 5991 4978 694 
30 2198 1442 9974 0 1194 135 76 5497 7290 4776 1456 3869 8563 3600 579 7140 6801 2160 4908 6761 9698 5491 1801 3474 2969 4708 503 8114 9204 2518 
27 4071 6770 9416 8791 8264 6460 680 1453 4027 1240 6734 9432 4731 6196 5872 8940 1375 8197 7107 5548 4352 2807 4256 362 7775 2659 3116 
26 1753 3482 928 5860 4355 4221 4334 1215 4546 1530 2312 9875 2787 9399 2856 9335 6838 7730 4820 7214 637 1739 2957 9838 8805 5738 
31 7782 3968 405 2000 3919 879 8178 2947 9983 1585 1661 5114 5295 1578 5616 9656 3413 8014 8789 1527 442 2885 5813 5685 340 8978 5050 5897 8816 697 9600 
26 8073 1178 3667 3205 266 3989 8284 5428 4288 9297 9125 5722 6066 6899 3351 1287 9001 4384 2881 4461 4832 2809 8631 6164 7577 6422 
29 1756 2747 7621 6866 74 5425 4684 8413 3416 7692 8534 7023 5754 959 5449 7055 3478 9124 8146 4479 7968 5948 2380 3381 7806 6546 6596 1635 519 
27 8120 2755 791 3090 6436 7651 4293 6954 844 2972 5061 9142 401 5363 9472 4036 2454 4531 2938 6637 7002 5621 1106 6587 7908 1596 9346 
28 7487 4175 8679 200 2183 6893 1589 2842 4090 157 3747 4438 595 3788 2543 346 1018 3542 7972 787 6920 2749 4947 2273 7934 7422 6625 6014 
28 4182 2335 9899 3544 465 2590 8813 3686 673 9024 8942 2798 5389 1366 5920 4142 151 8962 25 3237 5549 4695 951 4268 2668 4871 4915 4644 
26 5354 5613 5516 1631 4190 4833 8296 3926 3400 2564 7964 1296 1432 5824 5300 3706 1594 2275 8776 9003 371 6235 2901 9192 1651 3767 
29 78 9440 7253 7279 3297 8262 7374 2184 6182 2837 4934 7476 8674 5641 4932 6774 7666 9978 2812 4020 6360 3457 6184 3008 2213 7718 7272 4576 2451 
28 330 5965 2384 883 7869 8222 2014 1905 3204 8921 2726 7398 4508 8405 7454 9819 7287 894 2311 6305 390 1079 8589 6955 2956 537 8395 8311 
26 7674 7120 5783 2298 4566 9964 9311 6174 5394 6315 8313 1803 853 6886 9004 5521 5615 5985 5215 4600 145 2985 3106 3334 4789 9958 
27 3051 8052 1390 2873 7800 4579 1292 6388 512 1416 4482 2886 8156 72 3749 296 9450 8510 5337 4877 4702 1010 3404 4516 3422 1793 9307 
23 2182 4067 9268 9939 4375 5689 9769 4157 4340 2087 4451 4899 3935 1372 8323 3752 8935 4532 9422 3072 1875 3188 3436 
29 7613 9304 1600 4942 7526 670 4019 2044 5438 6006 6048 6110 3142 1180 4920 6467 8633 7354 8823 2478 1881 9064 3962 8374 2556 946 4097 7886 5987 
29 8995 4581 1247 7011 7060 4144 5530 4882 6098 1873 5067 9598 1225 1201 672 9357 6254 195 5629 6222 1396 378 448 8236 6947 7978 2719 6804 5255 
28 5482 3210 4632 8906 7950 7873 2520 4723 1391 4946 2650 6568 458 2443 349 3713 6907 581 5907 4895 3816 6633 2493 9330 5851 977 819 3595 
27 5014 6687 9811 5117 1306 5533 310 4713 6418 9564 7836 7248 5816 3217 9834 3521 9948 4326 4369 3547 47 2999 4548 1473 869 7471 8799 
32 9988 90 9366 7183 2459 9454 9989 2525 2320 6138 7554 4930 5073 4448 5662 5242 8571 4595 4781 2669 9539 1841 1716 6943 9642 2737 2789 3062 3540 7315 2494 4300 
32 7794 3575 1465 7513 9437 2542 3835 8215 5420 2382 237 2551 3343 9040 985 2988 5078 7067 4206 1902 8287 5180 9886 3015 3649 4026 2616 5372 1559 224 7540 6051 
28 2351 9467 4724 1532 3794 6238 3147 3806 914 2951 7027 9911 657 3178 8101 9486 6782 1580 105 6503 5032 9164 8928 9645 3918 6598 7134 9784 
27 5467 7607 3427 3320 161 2887 1034 4218 639 4146 4623 1640 4806 1513 6116 8010 2824 7601 2976 9947 5256 2306 3366 8514 6806 7756 7456 
30 3181 8910 8991 6826 7393 8458 7450 5701 8007 1726 1114 8221 5419 2118 5458 8822 3965 8785 5172 9849 7019 4008 8533 5344 166 3931 5216 265 7534 1766 
30 4662 9640 397 3348 2499 4306 893 2068 2826 7443 3923 6345 669 6119 3068 631 776 3624 9318 2553 6040 4320 12 4913 2487 9580 9188 3059 511 1911 
29 6032 8820 7361 5053 1120 3637 7213 580 9673 5622 6938 7095 2172 7302 9722 7902 2987 7754 5996 4381 1798 2904 1540 5481 966 1551 6647 7460 582 
27 9131 3951 7679 8463 1549 6872 594 6582 7388 270 3129 7437 9511 4686 8380 1703 8252 6661 1877 5936 7106 3148 2444 8240 4767 3570 2149 
31 8977 8586 4716 9489 7349 8728 7942 7282 2148 198 8341 5971 9852 5393 9611 1164 9663 3862 4000 4176 2978 814 1576 1404 5586 1655 7008 282 8167 2791 5193 
31 862 3579 9735 5433 9186 3545 4431 3146 322 1262 7809 2704 7499 2445 471 1652 4604 2641 4013 3577 8243 2065 7125 3993 4954 2516 2059 8619 5779 4594 2254 
32 9589 3534 4917 6516 7777 4145 4031 1290 1493 8855 2833 9923 7053 5485 1763 7225 9920 8473 668 9550 312 6289 7683 9759 253 8750 7435 3633 3159 9404 900 9577 
31 766 659 408 5742 141 1679 5429 715 6224 8721 3246 1507 7013 3890 7879 1619 7403 1755 7736 7933 2729 1978 7477 509 2514 2544 1270 7850 3530 5240 8629 
32 2583 7331 1787 8933 6615 194 7876 5192 7355 6948 1458 9323 3085 8233 2208 3395 5788 3358 2865 8192 4631 9934 5526 6029 1916 8298 1484 3472 1791 2587 7215 722 
29 8267 1051 4976 6167 3018 2009 8573 7000 8335 249 5346 3641 3594 3296 5888 3626 7967 8902 6797 2269 2094 7726 3161 6157 9995 5204 1990 1508 7326 
31 138 8143 9241 1770 7748 3234 3850 4153 2325 8231 729 8254 5737 2309 5672 1335 2347 7827 1989 1447 6139 9523 8672 1266 990 8501 3589 5513 2134 8314 3708 
28 8404 7475 5102 8500 1151 5704 6210 4440 1128 7962 2970 7172 1571 255 7103 6383 5961 4283 9503 2732 5819 8979 7900 3030 2099 9015 2565 4678 
28 3860 854 3278 5542 9540 150 7661 3982 2389 8601 5652 6403 6400 3789 410 6852 7905 8308 8032 6327 3197 451 1136 4963 8715 9802 3107 531 
31 3169 7329 9520 1994 117 1326 4272 1754 5000 6809 3271 5956 9066 1073 8340 6071 6342 4449 9508 8045 7505 5812 196 3959 4735 5609 3349 3038 4771 3642 9741 
33 1938 6864 8273 3346 4938 5434 1248 9548 584 412 7276 8283 4614 6802 7585 9532 9102 767 1982 9652 459 7220 6335 1347 9563 8880 2189 7852 2481 7322 1773 8670 7649 
31 7148 9104 4996 2506 8765 7406 2774 420 1007 3565 9689 5219 4207 1886 2070 2112 176 3793 4536 2934 3699 6478 9082 79 8218 2041 7938 4956 6133 9969 4188 
33 3216 4259 6935 4046 9190 6049 6652 987 8894 3273 2589 3269 6837 2593 801 4618 3751 1696 5089 3990 5316 4907 3998 3909 426 9535 1464 1607 5021 7854 2783 3748 6172 
36 1577 3681 7042 5298 9484 7436 1282 8488 2194 2132 6606 83 1182 2967 5718 2757 6953 4752 9083 6987 7 5902 4121 2437 4783 5764 892 415 8830 8916 5859 6722 7294 7568 6511 960 
31 6392 4529 443 1229 964 4341 1020 4262 4782 9434 5943 9276 6083 6314 4429 3357 6081 3691 1966 9903 8685 7457 7604 6303 5317 4586 7805 2582 9799 6632 4329 
34 9236 1152 3680 1293 4076 164 2680 4831 8511 4564 140 9122 7673 5688 7208 4606 4675 9379 3627 632 9557 1305 7164 65 1022 9916 9094 9829 1350 1954 4875 2630 7162 2103 
30 416 7986 7572 541 2313 3905 4500 1849 1630 8279 475 7102 5982 9525 2453 4982 7137 4537 699 3948 2962 5110 882 5678 9731 696 8216 7165 9255 7502 
33 3856 2418 5461 6177 9165 456 1238 8251 6473 4864 3313 4316 7167 4109 6512 7495 6525 7497 8881 4242 4624 1900 8112 9285 7930 4872 9293 937 9152 8819 2007 9481 5666 
35 2563 8590 6459 4386 338 1917 3192 5802 7268 8260 2610 2811 3983 9588 5026 5098 7762 2827 2742 5762 2575 6848 3498 9074 5882 2385 8060 4592 8270 936 6038 277 7063 4916 6090 
31 1130 1734 8134 1505 873 5916 6764 5601 1761 8650 3463 7196 6104 4596 3263 7504 5203 3053 114 8742 9032 6577 6921 9030 6762 8070 7772 6149 4111 202 9932 
33 3709 5370 7173 9754 6519 7872 2613 4193 4292 3110 7118 1892 4167 1221 9560 5464 755 5605 5871 3032 2579 3447 4681 4664 9208 6308 3607 9687 9573 1345 6663 3876 9418 
33 395 9635 1779 9884 5585 5307 2771 8263 1767 8330 1459 7739 7725 3287 4570 9070 1656 3255 8457 8600 2102 821 9977 5091 4105 6533 806 7731 556 6435 5930 7187 5065 
31 8927 3518 3707 1138 3625 4874 8004 2955 5417 1952 4578 9091 169 4800 912 992 1332 7904 8998 5657 5232 218 8164 9828 4518 2670 7424 5877 3870 8009 6588 
31 5967 1066 4926 7845 3479 8365 6979 6711 5249 4179 3054 5727 3458 1169 8304 3566 1159 6391 6592 4651 2434 5538 6832 1800 6495 5918 1727 2781 3829 7947 75 
33 548 1014 8890 6410 837 9909 5170 9495 6296 8122 6354 5854 3382 965 3512 6758 8429 8208 827 8557 2074 4012 2115 3098 717 5809 4981 8272 4940 7608 5470 1637 7690 
35 5555 676 2966 167 9864 800 9338 3785 8391 2924 7400 7941 603 559 3137 6714 1286 6394 2458 2222 317 4613 4468 9022 8535 4367 9112 6153 7223 8891 1150 2530 6865 2611 6065 
31 1764 8026 6150 9907 7022 6361 6708 2040 7560 7532 5191 2692 7141 2602 1733 7749 2621 8411 4848 1297 8576 8777 6251 2211 891 1015 1255 3468 5029 7907 9700 
33 4980 5245 5545 3259 2841 6411 1904 9461 1427 8013 3277 5963 8115 7363 7888 3615 3252 6132 9341 3538 3676 8179 8788 8708 5466 2572 4561 4590 6189 4526 9873 3531 6576 
29 1359 5195 3126 1575 5925 3651 1620 7835 4140 3548 5306 245 6492 1684 9801 1992 1077 5684 723 7169 695 2405 9025 843 617 8583 4965 6730 4171 
31 3235 9202 2037 3331 2036 2279 675 1735 7390 4792 2100 9179 9381 8550 4756 8300 5164 4203 1251 708 8127 3066 8520 7518 8376 7804 7965 824 6142 3071 9770 
28 2648 128 8872 5436 6616 2071 3364 3095 6338 4434 9726 2662 4846 5338 1384 8467 6840 2025 6053 1957 9679 2828 4683 4714 2215 5227 4977 5723 
35 7006 1067 7026 2201 2992 3741 8518 6572 3481 6705 8106 7247 5782 1552 8860 4035 6336 5750 1101 122 1945 1041 4462 18 2694 8606 1728 3196 7677 7789 1697 9296 1690 4690 1921 
31 2297 3693 9632 3762 9394 2989 4652 5781 8939 5579 5122 8796 9712 6725 6604 3738 4041 423 2875 1318 1583 6248 8779 7807 1820 7261 1327 6969 1367 1099 6216 
33 3827 5934 8130 6275 8726 3114 5670 2595 9067 292 855 6591 1719 2133 3737 8817 2628 9086 9306 6501 2991 8203 2721 4138 7991 9912 6358 5543 1928 1503 9607 5690 3952 
33 6197 1143 5653 9891 9772 6876 9391 851 760 8876 9818 9332 9233 5581 3108 3046 7783 8 6934 1699 9631 8836 5665 3527 8117 497 4224 1891 4345 7270 3554 3517 4901 
32 4574 1196 1818 2971 9817 4152 6500 3644 5496 5071 5382 3817 8512 5962 3418 64 1565 3445 8212 1979 4620 2597 4505 9766 7332 7413 1263 9463 8574 6650 4635 7652 
28 5557 1339 9219 1854 9406 8641 8466 546 8047 529 3284 9002 3576 8016 2598 6381 3874 8382 9201 5158 6713 7770 6052 5161 4897 1653 3048 8694 
29 1109 1191 5846 2649 2 1165 941 5146 1971 3494 9703 8956 6811 6749 9419 4301 1324 8923 8456 3163 2197 2691 6867 3451 4827 3868 2267 3006 8385 
32 4611 6980 1365 69 1053 1217 147 690 9380 8528 3304 9654 8611 8435 6601 213 6078 1582 165 6095 2196 3307 7998 5359 8100 6972 7856 2119 2814 4339 1315 7348 
32 7324 1038 502 9462 6676 7163 3678 7706 907 2682 989 6670 7898 3414 9711 2816 7469 4173 1183 7376 5009 3208 9143 6901 3583 3226 4135 1738 6732 9768 5033 3634 
34 8579 5041 9951 9732 1675 6922 4627 3272 4025 8483 413 9012 8294 5611 6945 4414 633 2665 2898 4876 1343 770 3022 8433 2360 5560 2533 731 9586 3138 7921 518 6055 7722 
32 8183 6785 9506 2526 238 2129 8423 1477 3229 3484 2120 3290 5379 2527 5957 591 5194 9519 1381 9691 4485 6799 2302 2964 1254 8081 5276 368 6498 2386 7655 7049 
32 3353 6190 3505 7014 3903 2048 9629 8417 4350 4017 5763 8369 7645 4284 6063 5842 9659 7510 9401 9000 6031 269 2162 3586 3424 8219 5937 1288 7631 4866 9431 1864 
36 4974 8948 7115 5031 1417 5151 4677 5201 8042 5045 532 6252 5063 9118 1783 5003 7943 8459 7780 7434 2356 3613 9036 8929 6103 2063 8567 5391 1975 940 8305 287 6332 1399 2157 4184 
31 2417 9157 5345 8327 5863 4953 8274 5327 5488 8390 1838 7044 5880 6739 3621 3714 6333 7565 9132 242 7301 2483 8802 2095 4615 8660 1385 2371 4923 8479 5269 
30 4119 3075 3765 5156 9079 1547 3429 4229 7709 3315 8821 8883 7924 5980 4499 1844 162 8635 2336 3135 6260 517 6506 1446 3664 7004 2585 6390 8683 849 
33 7662 5130 5209 4214 4777 7185 5167 8581 9851 358 7419 1526 4101 9845 4421 2219 7438 248 1058 3017 2773 8102 4210 7486 3352 2927 192 9080 3840 4422 5717 5007 9527 
27 816 2442 7449 4622 4788 6244 5090 7455 997 1223 999 8491 9758 9944 8086 6067 2471 4342 3994 5016 3727 8845 2834 8792 9100 7178 5044 
33 1492 6720 9756 4909 2920 7988 9898 3341 4413 8857 3849 3321 4602 2348 7221 4202 2460 807 6549 5743 5145 5155 2884 1812 2731 3710 9244 2357 2915 6269 7399 3529 2678 
35 8424 7606 68 2169 9139 7381 4948 5596 4524 6163 5793 9780 8337 1280 1294 758 2379 1502 524 4861 6571 9639 4558 8632 3084 692 9633 1227 860 4197 5844 4540 4685 6656 2367 
33 4753 3027 7244 9915 792 513 9753 243 7776 7009 9187 5450 1146 6706 5505 4299 1190 9016 4233 890 765 5735 2619 823 4038 344 6929 7156 3979 5257 6264 4063 4539 
35 1826 3877 5492 5349 6822 9356 956 9310 4630 2646 9029 8605 5972 9609 418 5422 7410 3371 2344 6469 9746 8021 5364 3726 298 2545 8556 857 3459 251 41 7553 8402 1235 4712 
34 2652 6671 61 6753 35 6295 3105 3055 5347 2316 3390 8436 6696 9409 8133 5131 9701 7241 7211 1388 9682 4463 8160 983 8058 7508 6203 4619 7951 4552 7764 8539 5042 212 
33 9475 4398 8657 1059 949 2642 5315 3086 1825 2897 9651 3730 9716 6607 6884 354 4924 463 8930 4022 3980 7567 4267 3559 9069 652 7738 9347 5667 4674 8092 8268 9882 
33 5254 9155 7918 6664 6509 6681 3049 9795 1354 7597 1045 5442 916 6684 5299 7778 1611 6958 9237 4225 9275 7092 5932 7619 9686 6324 4688 4995 6798 8024 7174 7841 5836 
36 4759 2482 7351 5400 4530 9439 8460 8680 3340 4401 9218 2314 6665 643 5746 2200 5331 8608 913 9319 6642 6109 7339 6489 7512 5599 7524 4666 7152 6654 9778 2848 3083 8187 8412 5473 
32 9435 4634 6889 1197 7773 5796 6427 6312 5975 7345 39 609 2657 7681 3639 2411 9480 6307 4333 9775 7862 9602 6273 4741 4646 6356 2712 501 3522 950 8768 8898 
31 6845 6597 5462 4607 1961 5052 5639 9853 5304 7830 1914 3786 4496 4406 7823 5415 4911 6193 3809 1949 6855 6858 4721 9065 2866 6181 7090 321 8774 2968 6942 
31 4466 1660 5097 5632 5148 7149 4185 5951 8907 9300 3700 3026 5199 9776 3244 4405 935 6831 7391 6733 783 2282 2427 9878 7280 205 2008 6776 1211 7654 6480 
34 5057 5206 3855 1210 7203 1521 6971 6277 1256 6914 3191 9092 3356 6291 1504 5978 6079 6288 424 3337 7797 2932 2240 9013 3023 9813 3214 7386 453 5734 3958 3202 8132 655 
36 207 5886 3099 5855 3696 9719 1133 468 1360 3863 6927 6310 9739 9694 57 4258 5013 2319 2045 3012 7627 7420 7530 146 4296 1633 4108 3510 9517 1361 4841 6881 5845 6564 2804 5562 
32 4764 5476 130 1049 9721 8281 4134 4880 7815 4921 798 7005 8807 2739 8336 9487 9779 3372 829 4216 1814 1162 7658 7197 1112 737 4271 6704 4346 9765 8585 7903 
32 7576 626 4944 2003 1441 2391 1603 2509 1214 781 8384 8871 8031 3886 5899 5617 5655 7357 5335 725 1019 4426 113 9221 3450 7281 2054 6068 1550 7926 4791 1001 
36 1574 5944 2813 2205 2469 4181 43 356 4095 9760 642 3453 1102 1353 6075 4240 8310 6387 3031 8379 6140 7825 7535 7451 1570 7987 8811 4959 9582 2709 1316 6667 9113 2143 1313 764 
32 9136 6151 2252 2358 6452 1865 8812 5510 7135 7939 9618 7860 5104 494 1906 2910 7285 3485 1463 5576 2503 9167 5120 6317 5677 3239 8018 749 31 3207 788 836 
32 7720 446 2263 15 2057 134 1127 111 2243 9871 6024 2675 8762 1828 8196 5272 7127 5111 3658 3593 5358 8622 9181 4510 4884 6201 8803 3041 5471 769 5736 3957 
34 5703 9718 1060 1139 8547 9836 5182 8663 6551 3335 7981 1792 5059 8552 5198 1830 4727 7834 355 1252 5087 4245 3206 3673 5019 5719 5017 4360 8002 2703 1486 9987 9971 2456 
36 7633 7047 4794 2693 3201 3898 5726 1674 771 5878 1692 5397 1799 5852 1056 5993 2893 1866 4955 6617 1033 9162 6839 438 944 9333 5243 8852 2072 2491 4571 3988 2088 9927 5374 7123 
30 5465 9584 8717 2401 1174 3802 9363 686 9160 5220 2187 4538 1161 4654 1743 4886 3000 1605 8229 8104 8706 4733 2250 2264 1543 9023 3653 8290 7474 3872 
36 1813 9688 2954 563 1520 3405 2137 8249 5028 1647 6999 2235 6156 5443 7159 2341 1403 4404 8537 6232 1901 1561 7548 7657 7224 2284 1017 3848 7453 4984 6532 8165 5926 7843 2031 3305 
32 1752 7695 8829 9263 8266 8201 3151 8001 9994 8025 2513 7459 8509 4011 3692 9830 8139 9465 1291 2974 260 1534 7263 7445 4409 2109 485 6717 2505 9613 4890 3956 
33 3636 4349 1348 4436 5910 740 8564 9183 6230 6385 1233 8824 7025 9672 318 6204 505 478 3007 761 7372 4154 4859 8126 9569 7128 4366 1682 7544 5747 3985 1184 9349 
40 152 1831 4701 8934 3333 5895 3620 721 5901 8913 4089 7993 3487 373 5291 1085 9280 4180 4748 7035 7184 938 6334 4704 7350 9512 2081 118 4729 1481 9514 4999 3141 3588 6709 9148 8077 9869 4354 7697 
34 3815 7708 544 4442 4314 1098 871 7761 1003 3136 7696 1094 982 6653 6905 1450 6695 3245 1116 9386 7057 3689 2363 6771 3996 5686 6339 1279 486 1509 5430 6397 120 6842 
32 2636 9445 3551 8481 3291 4391 4174 7847 1747 5108 406 1142 7212 6924 3004 4010 3261 4653 3967 9234 3561 8065 9364 932 7734 1790 634 5261 8516 9774 6404 5915 
33 1048 7175 6857 3005 3347 2679 6535 8507 5894 7792 2082 1885 3096 7763 6991 6353 8269 1471 1075 7716 7686 1155 712 7498 8648 5702 8043 7791 1943 4380 6821 5489 561 
30 1312 1700 5066 4722 2136 4003 5175 6648 9303 8185 4161 4332 4492 398 9928 1563 3475 9137 1922 7562 9680 5571 8527 8695 6013 9320 396 8011 6094 9968 
31 3491 9052 1608 6446 7592 597 2558 8617 9247 7589 2944 6433 2714 8034 8271 7373 8795 6458 3338 3469 5624 1686 3111 2393 7396 8244 6311 4698 7801 8353 6217 
28 3766 8017 3350 308 996 7927 2867 4667 6192 1829 5270 4549 4453 9144 2580 4863 4073 142 1110 9608 7440 4608 3936 4840 1601 2123 7371 2620 
31 7822 4922 4311 2126 1730 1671 59 4687 5441 1870 1103 5373 4740 9647 840 9626 5799 5047 786 3861 9945 6602 2383 7647 5459 621 6041 7089 9767 1672 2829 
35 3611 6778 4937 1278 6211 6990 4387 190 3398 1724 9372 2686 2404 664 4317 9011 6877 6039 5060 8947 4670 5892 3864 2421 5873 8690 754 5946 8306 6745 3014 8559 3652 7729 2075 
31 8315 6635 9785 4104 5587 9451 2415 4163 4178 384 8844 7321 6996 210 5806 3184 4389 6247 9926 5933 206 9108 4336 5342 3930 6136 9099 4237 7966 1323 6524 
30 8415 665 968 5598 7668 9955 8737 565 1694 2928 8616 6143 1853 9674 6689 2022 3666 7550 2455 1455 8888 7101 149 4416 7616 8712 6988 2441 8986 3218 
29 6347 2365 9646 2756 7232 3871 6750 1118 4898 8769 4430 6908 3609 9140 7591 2128 6788 6870 5626 2002 8508 5319 880 7306 2046 1474 2510 8893 8487 
33 4392 2933 2479 6556 8968 1258 8642 9317 4728 5834 5691 4603 866 2549 3370 5643 6760 7684 7283 7366 7226 4308 7182 3165 2566 8739 1878 2626 9788 1939 8582 1295 6883 
38 773 8835 551 7384 1597 2395 7086 1222 1368 6538 7765 4519 1709 8861 9365 6915 1308 2283 2226 9999 4836 2229 2754 3718 6043 3792 8173 1827 6420 607 4790 7342 3614 6828 2571 5650 3308 4257 
33 9031 8952 7230 9076 4639 80 7703 7091 2426 9007 55 1406 6414 9232 8190 3574 6343 9345 3773 495 6937 3270 8521 4484 9789 6981 6077 1281 8241 6660 1115 1105 2400 
34 8407 1422 8046 8006 6437 2281 1519 991 3127 7157 4343 5606 6841 3939 5642 1117 2321 599 1043 5094 5620 9245 9369 4569 1311 3838 4593 9524 1626 8846 2706 9398 7029 3467 
34 2607 9992 479 3844 8445 4001 5714 6286 848 1083 7596 4295 8686 1936 6450 8175 7155 7994 285 6054 9566 2073 9479 293 9063 6659 6086 2559 2214 77 2308 575 467 8105 
28 570 8246 3630 1558 5705 1760 3439 3176 6707 6763 430 2428 1713 2727 3891 2420 8303 6270 7940 6259 9402 963 7897 8747 2618 7463 8658 3697 
34 3187 993 6796 6925 663 706 5867 1193 4223 1044 1972 3585 3894 8713 3499 3359 302 5236 4706 8199 7070 2127 3924 9603 8838 2294 3729 7119 3938 5725 1765 5593 6028 6161 
28 436 4166 7611 1659 5822 4504 3515 5405 2390 382 3674 9513 9653 4498 3973 6349 6536 5814 1953 351 3081 9020 9713 1958 1937 3274 3328 3719 
33 9014 4797 7380 6363 6563 9258 1794 7660 1871 7407 7863 2946 1948 9414 9252 3213 8519 2660 5043 1426 7826 5563 3564 2461 6477 6101 372 7714 3112 3943 6002 677 2345 
30 5794 5612 6073 9182 2064 3743 872 3174 3819 6298 6439 903 9998 244 9946 6373 7269 2764 4427 2199 5234 4993 7644 8515 8736 1333 4517 3779 8953 5780 
30 6638 2496 6294 8003 2293 5313 3513 5274 6862 1389 7429 6018 8066 3067 7626 481 3728 763 4007 6194 9305 6579 7480 808 7052 9667 2203 9710 4580 3289 
31 994 5185 9384 215 1604 9546 7531 1618 2262 3094 9279 5356 9050 1616 2425 5628 9929 8056 967 6896 9271 364 1107 1331 7139 1479 4042 8247 7617 2501 587 
32 6227 9727 1275 5940 5724 4302 9973 560 6773 1934 2121 2354 8422 369 4328 3319 9717 180 7433 3976 7640 3933 3750 506 11 7360 1337 9277 6366 1393 7166 2268 
27 16 1124 1907 8970 3262 199 1915 1303 6072 112 6962 6249 3822 4359 19 5362 5271 3966 7250 8474 2392 1061 4450 7121 2718 8981 3168 
26 3123 9224 2965 790 4435 5352 4402 4382 3211 6223 2663 4609 4372 4770 5866 1617 2190 898 5286 6887 640 3859 2093 4291 427 9904 
27 5832 8039 8841 60 2664 8593 5292 2998 2413 6772 8614 7273 1845 8198 6020 7959 1722 9684 8719 1232 5190 1005 6 4927 7746 8987 8484 
28 7313 2005 2430 7482 1998 380 5384 9090 564 5869 1249 1636 3047 9046 8116 1931 4187 8403 4198 5004 3221 2588 2340 948 1815 2627 9476 3311 
29 5500 5903 7742 2359 4348 204 2835 7039 3839 225 7588 4829 2224 8702 5357 7262 6685 727 3200 7892 5217 1443 8985 1277 1538 8554 1947 7810 9041 
25 666 5535 553 3735 9095 3079 7195 4696 2017 4943 7909 775 5741 8186 8984 6949 797 6679 6281 1997 88 859 6818 3717 7858 
30 3171 6655 3954 4983 6985 8398 9562 5309 5766 510 6429 5839 7058 2889 2740 324 7428 4879 46 2880 7954 5710 9972 6239 826 7523 6688 5173 8637 1634 
34 4467 660 1599 7030 2785 8438 3702 7637 3745 6586 2857 1405 1489 1314 3152 9325 8599 7829 3325 7628 6195 549 4464 4285 9048 9744 8428 3947 735 9881 7154 2422 4228 9863 
30 7760 7015 7458 8261 8714 3186 3480 9526 8815 4100 116 6208 4737 9169 2975 6487 500 7479 5179 5893 728 2377 8427 4265 3438 7868 44 9805 5711 2779 
26 957 6265 4660 1016 311 8377 400 7522 8350 865 8886 2888 6977 4094 5773 8839 4649 7634 2958 9206 7665 543 6560 3841 3661 2819 
28 6891 159 5917 5005 8958 7693 3908 332 4243 5770 2685 8038 5075 9630 830 6946 1732 4786 3916 4626 3223 4810 8326 5558 6911 374 8343 1119 
32 4473 8184 8207 7394 2013 232 9324 5769 7037 4818 2355 7242 6457 585 3657 6594 4693 1013 7231 7732 5444 7646 3617 1200 4772 8344 3977 10 441 1378 4459 7411 
28 5524 8386 702 6474 9752 3267 4377 9314 4647 1899 2539 403 3771 1494 1535 2432 1351 1581 2402 5139 7814 4744 6903 8905 6702 1108 6769 7711 
33 5030 4246 3972 7249 5228 1944 3167 5314 5096 6997 67 9906 8371 8334 6044 1137 1054 2043 5810 1623 4842 3945 3282 5623 8430 1646 1912 8647 1546 1374 7551 4061 2248 
31 445 1424 9743 170 1430 7675 6567 4124 9857 6454 4547 4423 6175 2278 9893 8158 6965 3222 326 6199 2515 4939 4816 9259 5088 9433 3374 4039 1951 4905 8994 
29 4077 7496 4239 4560 4304 6128 36 5687 718 1548 5289 6025 143 3828 2540 3662 7676 756 8420 1806 9294 7599 5264 3591 6548 1497 7977 2376 9253 
30 2209 4170 4802 3412 9235 2247 5547 6585 9490 2984 2730 305 693 2326 6306 4164 1231 5463 9846 272 867 7085 4971 8449 7252 2612 2285 1685 2638 2398 
27 8440 487 9428 3783 9133 8974 9835 4582 8801 2066 1467 7012 2251 9312 8226 3293 6789 3365 3115 4849 1687 6926 5085 4979 9291 9034 6408 
31 9248 9695 4650 2914 1412 385 9362 8677 778 2276 799 5761 1409 2125 1469 955 4103 8396 9867 535 6346 9843 8280 5250 9623 5341 6209 1869 4705 7289 9576 
26 1846 1325 515 9272 5512 569 7525 5803 2977 4986 5093 6743 4080 514 461 5986 8138 6529 6700 4102 622 5792 1500 7228 2328 9865 
32 654 8447 6961 5423 8410 6686 3934 8993 7462 1986 7906 2948 6367 7308 2759 337 5477 6998 2245 583 247 9730 6777 8098 3052 8069 1663 137 9536 752 5408 2104 
30 6570 2378 5984 3866 1239 6359 3675 392 4732 7432 3449 5994 3180 3677 1673 8461 2299 6678 9641 179 4711 1569 5143 6370 897 1086 8088 3426 37 399 
31 3590 8961 6756 8651 2591 3281 391 3546 1002 359 8248 4098 3942 6100 4488 6539 6180 8414 3596 8119 7133 6900 2696 3964 136 3230 8163 6723 7465 8169 3219 
31 8740 2860 3292 7974 4282 9044 6331 323 8794 6918 1723 7983 8899 4985 9824 7099 8610 1537 4557 5186 1480 6087 2192 8767 6118 8676 5753 8951 4209 9348 197 
30 1386 9492 5968 7715 4969 1836 4641 4726 3379 1000 2412 9855 9228 3393 4918 3963 5409 9209 834 3088 5931 8869 4778 488 921 2089 8853 1669 2896 9924 
31 8698 9042 9382 5574 9831 3528 5278 9203 615 2030 7108 1960 6352 1744 4420 4213 8168 2821 5447 1195 9534 2246 8331 1884 2861 6107 9574 4968 7073 828 8818 
27 256 2168 9937 3332 2301 9745 7629 7875 9575 3846 986 3812 539 2372 3837 9553 5038 4023 5778 6023 7446 4528 366 5922 2374 2079 2177 
30 910 7699 1241 5229 1784 9583 9149 4158 4679 9917 7068 3310 9135 9844 9800 264 4149 3376 4738 8827 4399 5431 8525 4668 8361 7113 7389 4403 4362 5039 
30 846 8080 5456 8701 1342 9153 5514 9173 1908 1069 1319 6993 231 9547 3650 6940 5614 6494 8291 2592 2490 4972 5979 3509 7594 8157 5011 316 3910 4255 
32 9213 6416 4005 4069 7878 5439 576 6364 7503 4988 6082 5840 861 5804 1876 2110 3960 8804 6527 7573 6682 5697 2676 4234 9146 217 5785 50 6593 4850 7074 1995 
28 1192 7528 5654 6634 6057 8005 9798 5403 8917 8889 5404 4428 6646 6508 1498 4276 5577 8999 803 6712 6827 3394 7160 1026 6144 9605 8388 7857 
30 1140 6620 3036 5499 7347 9415 9658 1693 7536 2050 7059 8604 1147 376 6502 8882 367 7795 4555 3602 3327 923 7624 3732 5929 2605 7818 9859 2905 5445 
26 1956 9699 2912 4183 7111 4289 9883 2552 5064 6813 8455 8775 1188 1457 6451 4838 3805 6124 7079 6863 9901 1940 3843 9373 8079 1328 
24 7222 9747 4476 8050 2232 2403 1307 6666 7284 2124 8482 877 5214 981 3971 1346 4070 8230 246 154 4709 7920 284 8188 
27 6557 314 5475 3462 2253 9678 319 2161 2624 4958 4064 2913 4658 9068 5427 7556 4125 5484 9262 4868 5708 6035 7685 2035 7274 5518 5589 
30 8598 2086 7787 2152 3932 4192 6304 6112 2233 5843 9254 1708 7188 4952 2416 5367 3684 8051 9683 7365 8041 307 8800 742 6468 9938 9210 1782 9879 9301 
26 7849 9960 476 5237 4009 7065 1064 550 9634 3330 5412 7958 777 4883 8497 414 2113 7578 9316 4991 279 7821 885 3823 2529 1857 
26 3562 6482 1737 2053 3420 6550 5900 6268 2230 2522 7082 300 4456 832 3753 4970 7912 5493 2690 7333 97 8580 8301 9449 1586 5981 
27 5336 2069 477 4784 555 5772 4044 3130 51 8147 3402 6814 1371 4294 6462 4700 56 2181 2026 4086 4987 9199 1334 8059 3294 6694 7461 
27 8121 5938 3618 8193 7299 6752 9240 437 4110 5121 8067 5083 3879 920 2034 5539 3820 7881 7813 3329 5853 6555 28 6047 2317 1506 7799 
27 1704 2715 6622 1245 1485 409 8325 8318 5329 7989 8278 9792 1667 2741 2108 9103 325 2521 4475 7083 9230 8397 5745 6923 757 8451 5140 
25 9543 2241 5997 3612 7375 5784 5183 4691 7610 8253 1867 3360 4919 8338 2872 9047 8837 3885 100 3466 2277 8091 1843 1501 5381 
26 5326 40 7910 435 3215 619 5070 8862 3298 9043 8490 3344 7378 1050 3109 241 3754 3776 7710 1394 1284 5414 5328 3133 5765 186 
29 9594 9755 9777 8754 7110 1253 789 8040 9093 4544 2188 709 6272 831 998 3470 4129 8319 1632 5150 875 1649 6004 1008 8806 3725 5992 2655 3257 
30 8546 9037 7864 1964 4249 8924 7359 7316 5935 1676 5906 8245 4021 7877 5152 5786 492 8758 884 2173 4787 3248 5923 6894 1476 4220 1362 5025 876 9198 
30 6956 7639 2330 3640 4717 9123 5671 7379 2039 8689 7131 7275 2935 8332 8925 8109 9290 6530 4470 4812 1087 3428 8524 7786 7254 7017 8531 4912 6917 3995 
31 5147 6001 7689 9378 7543 3391 1677 320 7960 3654 4388 4241 9812 7935 911 805 1401 7171 9098 52 716 2684 6967 9897 3342 5858 7198 7034 9468 7501 6541 
28 9371 89 850 1429 5020 3118 4903 499 3777 4542 5311 868 4689 259 9367 5504 2225 6644 7889 588 444 9518 342 6605 3497 7311 1658 5709 
30 9211 1021 9352 4 6102 2339 6618 2158 6162 9737 6856 7753 2743 7112 917 8373 8867 9021 6724 9567 9706 3549 8496 6219 1775 8357 2476 267 6355 1031 
31 1204 528 6871 6382 4186 919 4030 7278 3711 110 7484 7767 4127 2004 7077 1774 8362 6629 1887 8843 8155 1213 1903 1823 3915 3969 6165 2159 8342 4324 8922 
28 9194 9942 34 5826 9625 6554 2738 5757 7670 9593 9057 8137 6228 7018 611 6521 4525 297 8333 8023 1710 2723 3761 3787 9114 6158 7452 6241 
29 45 4049 2874 2140 4200 6348 163 4975 7356 6236 5749 2011 1320 1029 2845 4177 6930 2653 4321 7189 5123 5636 6285 4554 155 8209 3309 9061 3483 
27 9328 4338 896 6910 3755 970 8831 8920 4889 4888 4990 189 8255 8124 4280 2315 4106 5154 2806 9509 7447 8856 8064 5544 4755 9496 9657 
28 6791 5503 874 8950 3139 2569 4323 3489 8469 9126 3742 2062 1621 7757 9794 6376 5958 4043 1336 6939 268 5977 454 2688 7819 988 1202 2117 
31 6975 1833 8364 6407 8530 7383 5883 2868 2748 2409 5406 5074 7401 203 4533 6484 4371 8475 96 2658 2419 4493 440 8259 9473 1273 2733 8354 2438 6455 8716 
26 4189 4671 5532 3682 7442 4697 220 1593 7369 3770 1259 4489 84 6892 99 1840 5590 3043 4118 9528 9896 9239 5891 8181 4445 520 
29 9282 3288 3149 817 8936 3716 9825 606 9477 7489 1167 9084 6256 7209 4774 2817 7033 4113 5531 3013 1973 744 508 7325 9105 6514 5607 7145 7204 
28 2717 9446 1842 7516 9761 7158 8285 5457 7755 7304 8944 7727 8639 5048 5230 1171 6134 3799 5248 3571 3884 2839 8997 9614 9088 4491 3189 5141 
24 6543 5153 9559 571 9096 4278 3541 484 2562 1304 3774 3608 8666 3220 9729 2475 6621 887 7210 6505 9644 7170 9541 1072 
27 4303 9075 9592 7087 2770 5850 1149 9949 3865 2909 8153 1490 1847 1482 8621 5095 8129 101 6628 7181 812 2029 6127 4330 2361 7193 3526 
26 9714 6258 1809 3953 3847 2609 7296 8911 4465 6715 878 4443 2790 9464 3061 2982 4335 2130 7206 303 5340 9429 4513 201 9313 1274 
23 9049 5815 682 1440 8741 8645 9376 833 648 2900 3646 9453 3437 5648 904 6649 1338 4837 1379 562 2180 7913 3087 
28 934 5511 9130 229 4018 9856 1750 9622 2794 9393 7062 9720 6191 1920 5874 8675 5752 7515 2697 1 5692 4742 8161 3999 6803 945 8071 8359 
28 9106 26 9606 6278 221 5435 5157 1299 8874 1883 1096 2629 9750 8352 4045 2342 2324 379 2364 7733 9671 7040 3690 864 8704 433 7266 1208 
31 9488 1387 8170 1926 4227 2677 9315 8673 6978 1028 3532 4929 8652 1309 6976 5118 7740 5132 4471 7307 7750 7218 5212 5495 370 9783 7506 5807 5663 3523 3739 
30 3265 1285 8745 7323 1025 8954 2439 6874 4325 7664 5659 2931 6574 8976 6115 9458 7265 1122 8764 4843 1495 7292 2929 6792 6736 2750 5165 1438 4563 6089 
30 2452 5898 7020 432 8966 9494 9599 4116 106 4575 8211 4638 3797 301 5847 7612 7831 2300 449 7546 9427 8757 4865 1265 2131 2997 5421 6641 6834 4024 
32 3423 3025 6425 271 4279 8884 3731 6099 7840 3520 1657 9006 8602 5124 9497 9278 782 2683 9326 5695 193 4244 6050 1780 9156 7003 2596 6875 6558 1984 6645 5339 
32 1472 3704 8870 2836 3316 3323 678 2024 3443 3019 6744 8292 5159 2843 5490 1226 3563 4147 1321 1879 8489 5540 5790 4051 8425 3419 9266 9337 3736 707 6243 9649 
29 3452 5334 8297 8699 5713 8250 8093 9172 4457 8988 21 4290 2825 1244 8842 4551 623 4676 1567 7081 5252 5385 8495 7961 1970 8048 5321 1528 6805 
28 9888 5952 6640 5460 8549 6966 5682 5079 5759 8506 5502 2286 1158 4136 7949 5330 8348 6624 8759 8370 4509 5884 8587 905 4763 9807 7971 6122 
29 7402 2777 1024 3845 9963 7408 9121 6036 2238 3803 8700 3336 3286 6693 8538 9959 8630 6895 8975 5040 1341 1941 6058 4357 8692 6372 6401 1987 139 
30 7511 8399 8919 4123 9027 7028 5760 6160 3813 8628 881 9952 8665 5024 3065 5135 4637 9617 7758 3927 8210 8217 1224 2899 5246 5927 4853 1230 1234 5656 
29 8220 839 5213 1863 2746 8681 1198 1322 2027 2142 4370 9921 4374 8892 6728 5848 8149 1461 7124 3814 1858 2792 9709 7635 2271 6528 4159 8570 9298 
26 7343 1205 4156 7430 3091 8609 1340 7561 5084 7745 5023 360 7928 1962 3807 5800 48 8990 3895 8847 7975 2625 2259 4725 5283 7293 
30 8152 2228 5949 6485 3917 2745 1888 3156 2511 1431 2547 9502 9051 3795 1483 3132 9060 8597 4839 5541 5056 7217 3824 2164 772 5288 8452 6034 3093 8863 
25 1568 7946 5129 3671 2838 6205 8541 925 5879 1395 3131 1176 6375 7431 7385 2206 8029 762 2307 8671 1400 3077 8662 4211 1355 
31 3756 596 8797 4710 158 5 4486 7866 9781 290 5189 38 1206 8144 4379 7549 3759 9207 2204 8560 1439 1173 5037 4059 9587 842 9922 2473 9005 2023 1157 
27 5160 4447 7494 2085 2768 5478 4692 8000 4885 6824 8760 7802 3553 8536 924 2546 5546 1536 6861 386 5287 6045 3473 774 5267 4854 6297 
31 6950 8383 8356 3763 9129 3557 6123 5706 704 3669 6902 8256 3500 4363 7291 353 636 5905 2761 2171 5732 5268 131 6518 4191 7848 7832 3638 5602 7874 329 
24 4433 7648 8584 1373 9184 6747 5301 8912 9375 6651 5282 3303 6337 5833 4351 2015 1832 8773 1789 9174 3162 2639 7051 7571 
31 4760 5837 5608 656 5134 8162 8575 9229 572 7227 841 8783 4527 6672 9677 5200 710 4813 2939 5519 8200 8960 6850 1781 536 6476 1246 4826 3550 7507 7547 
31 5046 9887 5528 3598 1890 375 2775 6859 5424 3604 4799 1081 1207 6287 3490 6882 1126 7884 6544 7882 815 6786 645 6466 8480 8866 6417 705 1757 8705 1065 
31 4065 6982 3911 6117 9120 4834 5797 8239 3854 4315 3724 1310 3144 8358 9127 5694 5080 6114 7298 2151 274 9264 7803 2568 5001 4648 2270 5733 1748 6984 8612 
25 7256 7569 3471 1398 294 5318 4307 9107 2470 5861 8477 753 6183 3981 7948 5716 6846 6170 335 9405 538 6120 2941 348 658 
23 2414 9591 3764 9097 8257 630 1420 5838 3194 9821 8826 1452 2981 3389 9810 8972 6009 7353 4534 9017 9396 4928 1090 
28 5955 4989 3772 2614 8237 6767 7327 7896 4205 4194 6675 7925 2760 8967 71 3705 3441 9666 9400 1057 9469 299 1584 1741 5841 6775 7098 8656 
28 9858 6154 6879 7636 2578 3744 9590 7016 33 8328 5302 9733 2280 7122 644 109 6187 6026 2369 254 6111 2462 4610 9596 4085 8171 5103 6064 
27 8858 3929 6931 7969 593 2218 2468 3573 2450 4117 7045 4130 2474 8437 2699 9158 2617 4851 2581 2708 9387 1848 3432 3056 9676 9985 5630 
29 9890 27 1330 3694 3367 7147 6464 930 185 9975 5176 9436 4736 2725 9793 6449 2408 1796 1856 8732 3599 6384 6302 9624 4162 3852 4719 8419 4441 
24 6257 8903 3643 2353 1462 8634 3170 4083 9854 5133 5035 3925 6318 2178 5411 9256 3889 3978 5076 9734 7932 3408 8367 7632 
25 2146 6668 4773 3385 3306 779 8277 9537 8022 2477 2689 4201 6590 7300 8345 1418 2615 1496 7737 4893 7808 2333 3880 7093 2272 
28 1579 5388 6888 8875 3264 7295 7180 8711 5353 9395 3243 3715 5821 5508 3791 8562 4212 9287 5909 8761 2185 3897 1383 2111 5081 6326 5498 976 
32 4852 2091 9826 747 3867 7416 7485 8421 5348 9565 4809 2310 7483 6740 734 8055 4665 4657 7423 2020 9309 4583 522 7088 3672 3073 6807 6963 1950 8082 6759 490 
25 3922 2823 8504 5973 4535 3177 7723 2167 590 7751 1821 4247 1218 3431 5768 5451 9261 4779 2060 86 6323 5239 2945 5989 646 
29 7995 1573 8654 7982 273 3992 7176 3881 5125 107 3299 6559 1555 5238 7824 8347 1436 4081 5015 6873 9390 2193 2387 4033 5174 613 3125 1720 8107 
24 746 7205 3258 8431 6155 5520 393 173 7541 8349 6328 5597 4047 8505 334 6010 863 7557 9876 6698 1927 5187 3552 4847 
23 5062 2765 4807 3383 7481 462 9773 4478 6854 6300 1011 1889 3631 567 4425 3003 4128 1664 6453 2631 7630 3113 9426 
26 3155 4066 3656 2640 5181 1236 5683 8572 4734 4589 3912 3069 6037 7305 3670 5395 3241 7150 2973 9334 6545 6432 7622 4054 3193 2227 
25 4891 8097 474 188 7694 4415 2147 4309 1160 6393 6218 9954 6690 6171 8214 5913 2500 7075 6380 9197 9119 2695 9077 2447 507 
26 9288 2793 8971 6092 5207 931 6242 3722 8865 7467 8553 5401 3887 6412 5647 2052 5818 6368 339 4743 3175 8780 4845 1272 8401 5755 
25 3831 1817 23 1807 1175 4250 1740 8442 9936 6738 1759 8904 8224 6033 1329 5830 9370 909 7346 6483 8926 8688 6726 7500 4645 
19 9360 1468 7358 4480 9073 6421 6746 9504 5396 8793 5235 1301 4204 331 3010 6716 1382 6565 7236 
22 8394 2554 429 3396 7575 9242 9880 7202 6523 620 2055 9993 9116 6178 5974 1929 9185 1963 234 4112 1047 4310 
23 558 8472 1614 6995 7842 2096 4251 2983 9531 313 6820 7771 4002 9833 6951 8963 9008 3477 2287 9292 3409 1088 5567 
21 2191 1364 8286 8733 6284 629 5166 3486 4454 2303 257 5350 527 5162 3199 4633 2077 4424 9483 1918 2327 
21 1641 3209 4091 6748 3050 3266 4817 971 975 926 1610 5119 5413 9628 6137 3514 984 6166 802 4750 4522 
25 9168 3179 1437 1909 4219 5226 309 1276 1414 4452 6186 4997 9690 4281 5137 6941 8142 7586 6692 95 6362 6350 14 3567 263 
22 671 5383 2795 108 4966 2535 504 4495 216 2744 1882 4900 3362 3986 8659 3685 3028 5202 9424 7558 1511 222 
22 577 2517 1425 8434 3339 8282 4655 4252 8368 6341 9892 5887 2960 1089 6357 4497 4612 6735 1358 1052 5731 2231 
24 6428 1965 1539 8710 9019 3582 1448 304 768 2138 1487 662 8517 4446 1349 3892 4344 3834 4199 2671 3896 3961 4232 2485 
27 2584 1587 3581 7704 6890 8885 291 4084 5144 2058 6007 4394 6419 8322 9220 9442 6609 9089 2643 3134 1642 4417 4761 6540 2979 9507 183 
22 3363 8653 4503 5247 540 1644 7865 8727 2410 8154 4432 7409 5501 3955 7785 7404 3415 1170 9707 3920 6226 6851 
21 2993 7235 5908 3781 421 3380 785 6379 4313 4487 7405 5976 1688 9979 5828 4749 9763 8787 9681 7564 8242 
18 3233 5865 3009 4636 4567 8012 8478 2322 8289 9482 258 2606 8015 3944 7587 4148 6282 5730 
21 9872 8299 1751 6463 1080 1923 3326 2687 3984 2937 6630 7243 5480 223 4132 9501 125 2666 4277 8223 5378 
17 9284 8513 3442 2236 6779 3858 2797 5343 2538 7672 4823 6612 178 6741 3401 9616 5924 
19 1788 5595 2604 9385 9967 2101 6566 3587 5012 1228 3975 8938 7509 9902 5767 278 9668 9757 635 
24 6423 6021 4238 1407 2930 6868 2154 7201 3040 3904 5739 8238 6860 1435 9728 3020 1933 345 3778 8915 9177 30 4139 7700 
24 8709 7179 2890 1491 8503 4455 2815 4629 6292 8494 6994 1411 1609 2722 70 3506 9809 4376 3629 628 4368 7853 7126 8498 
25 156 1999 8085 1271 1531 9930 7161 1776 4553 5351 5446 5556 5748 8182 5856 972 3606 5699 239 5600 2534 2560 3495 4072 3301 
24 4322 5645 9417 8592 7724 9621 5448 73 1300 745 4356 8828 7931 2799 8623 3434 5811 3635 3695 4617 2010 1894 5646 3605 
23 4960 482 9117 1768 4769 9956 4050 5308 5619 4642 1725 4062 3825 6434 6085 2877 3317 2056 6398 713 9430 3616 2753 
22 2996 7395 8850 3476 5566 9816 6657 2673 4472 9725 6793 261 1852 7387 4266 3456 3543 918 5006 6147 9283 2256 
19 9764 4808 2399 7985 1220 7144 7719 9571 3821 9056 1564 2116 1935 6386 4160 895 1068 214 4378 
21 7642 3665 6250 6983 5999 9115 3033 4358 3780 3185 6097 6185 7811 1880 5890 2465 6060 1968 7893 8355 1819 
23 8372 8730 667 2051 8615 1283 9803 3556 1707 7916 7812 1837 3058 545 6849 9655 3622 8020 8864 1771 2464 6321 5758 
24 13 2864 4068 5553 3172 6374 2343 908 7239 2637 2334 3100 6069 6225 5169 2852 1097 6486 2165 3446 7844 1070 4373 3250 
22 4501 612 1186 4318 2573 3150 2144 2519 4298 8620 4004 5222 2078 4945 4873 8145 2818 133 1721 3801 6742 9196 
23 9498 4088 5881 404 8992 236 7464 7915 1012 4385 87 1872 4857 5983 822 5791 3314 858 7919 1662 4120 7238 4230 
21 280 5941 4327 906 5416 208 8176 4015 9491 363 7472 1104 9110 8931 8989 7712 4925 2424 7493 2237 4477 
25 6507 8669 1035 336 5942 2472 9636 5829 4165 4867 5693 7412 5218 9675 3158 6344 4040 4844 5106 7370 1144 2463 2903 7953 6448 
19 2090 8523 5966 4099 3064 4248 6580 3103 5296 2001 3254 1039 8258 1172 9216 4599 7104 1145 9359 
20 6229 4805 8400 2876 8049 5868 4082 8293 8375 4621 177 7038 9274 1643 1861 9249 3251 5265 8378 9931 
21 4768 3076 8366 1924 3921 5263 5251 738 4730 1592 8848 1219 1545 1683 5440 3407 5290 7288 9217 557 2032 
22 4935 625 2202 8851 7698 7367 3851 5744 365 4545 5969 4055 8603 7190 9771 2943 2808 3124 6829 7043 7114 7199 
23 9111 7539 4057 7251 3519 9806 5082 6794 6731 2644 674 4640 6795 8668 3603 7076 7990 1544 5664 6253 7130 533 9344 
20 8983 3501 5669 4896 5258 6844 813 4795 6817 5253 2318 3648 8655 7473 521 2255 4835 2724 5947 3888 
21 8205 9336 810 3260 7744 2186 5945 53 2622 6643 7392 2707 6329 8499 7352 2986 4892 3798 3974 3063 4855 
17 2672 6214 5127 460 7667 1042 1004 7240 4264 5904 3280 9529 4565 2577 9010 1553 9552 
20 7609 534 5721 1410 9175 5680 6520 1093 6274 9339 2457 9815 9412 5550 741 1650 1091 7258 2800 6426 
19 7828 3628 7448 7529 3044 9627 289 5368 8756 8718 5700 5068 5279 2397 3584 4601 6176 7973 7491 
19 6430 7855 9441 450 6504 9147 2018 2762 6309 5168 230 9260 8213 1557 2705 228 8446 6399 1451 
21 7901 3632 7574 7439 2012 6790 1380 9874 4096 1804 425 8123 7784 5055 1516 9908 4028 1695 3011 6836 7859 
22 8946 3384 3119 8227 276 7552 8613 7625 1264 1588 5126 5376 7078 1370 6847 6263 4720 6456 4511 32 838 2220 
22 8595 5008 552 5113 8566 2145 6313 3757 2429 9238 8235 2961 8723 9889 8131 4941 933 8734 7846 3893 2114 751 
20 526 1187 7297 7216 1805 2244 1123 3283 1542 8649 8638 1980 1668 6674 3454 8661 3502 922 4598 7233 
20 2805 688 1062 7871 3322 1745 2555 9980 132 2917 5277 2654 9420 886 2647 5661 6206 6780 6129 7344 
23 4052 8453 7382 2803 9820 5529 9128 7177 9549 343 9961 2433 5312 2176 1423 2735 7334 1163 7838 2878 7663 8814 3941 
23 8551 8545 7793 8781 8949 6973 6113 4573 2221 9407 4745 9457 8627 5293 6472 3166 1419 1444 5281 4092 387 6878 6406 
19 175 4830 6683 9361 5310 6445 1758 8766 9665 7054 927 8441 6084 168 7071 8159 8448 2859 8094 
20 9180 9054 4796 4766 3698 1499 6677 4887 5857 3830 2541 8687 9885 1317 6188 995 2122 2548 2720 3488 
17 1824 687 4217 3268 8751 8693 589 2840 2435 1810 2788 5407 1189 9368 7766 2495 394 
19 1942 9166 3302 2396 9150 6005 1681 8957 7538 6919 720 431 6233 9970 5584 7377 4906 3121 2092 
18 3256 8896 6729 5077 9804 4151 6237 7488 5912 209 252 9499 4396 7743 4856 4168 1524 6581 
20 7653 4469 1512 8177 8969 6928 6234 6283 6718 6816 4597 4562 2892 4483 5142 7614 5509 54 2923 3435 
22 8099 7132 182 1148 4957 4034 5658 7728 2258 8454 2674 4758 2601 5355 7415 5366 2097 1092 9087 4869 5018 7340 
21 602 1030 5889 9522 3987 6936 7890 9033 4739 3703 6395 8076 6553 1602 7580 472 9976 5036 1988 2076 4825 
17 7138 2830 3247 5149 6959 9408 2141 7603 2166 9456 9648 9425 9308 8150 9281 7466 8832 
16 2870 3236 2698 523 1040 1100 7707 627 4718 9943 4672 7468 9270 7955 452 3035 
14 9392 5801 1712 191 5128 5534 3225 7441 5570 3212 6015 9842 1168 3392 
